update-alternatives 2020-05-02 05:20:11: run with --quiet --install /usr/bin/awk awk /usr/bin/mawk 5 --slave /usr/share/man/man1/awk.1.gz awk.1.gz /usr/share/man/man1/mawk.1.gz --slave /usr/bin/nawk nawk /usr/bin/mawk --slave /usr/share/man/man1/nawk.1.gz nawk.1.gz /usr/share/man/man1/mawk.1.gz
update-alternatives 2020-05-02 05:20:11: link group awk updated to point to /usr/bin/mawk
update-alternatives 2020-05-02 05:20:23: run with --quiet --install /usr/bin/awk awk /usr/bin/mawk 5 --slave /usr/share/man/man1/awk.1.gz awk.1.gz /usr/share/man/man1/mawk.1.gz --slave /usr/bin/nawk nawk /usr/bin/mawk --slave /usr/share/man/man1/nawk.1.gz nawk.1.gz /usr/share/man/man1/mawk.1.gz
update-alternatives 2020-05-02 05:20:24: run with --install /usr/share/man/man7/builtins.7.gz builtins.7.gz /usr/share/man/man7/bash-builtins.7.gz 10
update-alternatives 2020-05-02 05:20:24: link group builtins.7.gz updated to point to /usr/share/man/man7/bash-builtins.7.gz
update-alternatives 2020-05-02 05:20:25: run with --install /usr/sbin/rmt rmt /usr/sbin/rmt-tar 50 --slave /usr/share/man/man8/rmt.8.gz rmt.8.gz /usr/share/man/man8/rmt-tar.8.gz
update-alternatives 2020-05-02 05:20:25: link group rmt updated to point to /usr/sbin/rmt-tar
update-alternatives 2020-05-02 05:20:26: run with --install /usr/bin/w w /usr/bin/w.procps 50 --slave /usr/share/man/man1/w.1.gz w.1.gz /usr/share/man/man1/w.procps.1.gz
update-alternatives 2020-05-02 05:20:26: link group w updated to point to /usr/bin/w.procps
update-alternatives 2020-05-02 05:20:27: run with --install /usr/bin/pager pager /bin/more 50 --slave /usr/share/man/man1/pager.1.gz pager.1.gz /usr/share/man/man1/more.1.gz
update-alternatives 2020-05-02 05:20:27: link group pager updated to point to /bin/more
update-alternatives 2020-05-02 05:20:27: run with --remove pager /usr/bin/pg
update-alternatives 2020-05-02 05:22:17: run with --quiet --install /usr/bin/pager pager /usr/bin/less 77 --slave /usr/share/man/man1/pager.1.gz pager.1.gz /usr/share/man/man1/less.1.gz
update-alternatives 2020-05-02 05:22:17: link group pager updated to point to /usr/bin/less
update-alternatives 2020-05-02 05:22:17: run with --quiet --remove pager /bin/less
update-alternatives 2020-05-02 05:22:22: run with --install /usr/bin/lzma lzma /usr/bin/xz 20 --slave /usr/share/man/man1/lzma.1.gz lzma.1.gz /usr/share/man/man1/xz.1.gz --slave /usr/bin/unlzma unlzma /usr/bin/unxz --slave /usr/share/man/man1/unlzma.1.gz unlzma.1.gz /usr/share/man/man1/unxz.1.gz --slave /usr/bin/lzcat lzcat /usr/bin/xzcat --slave /usr/share/man/man1/lzcat.1.gz lzcat.1.gz /usr/share/man/man1/xzcat.1.gz --slave /usr/bin/lzmore lzmore /usr/bin/xzmore --slave /usr/share/man/man1/lzmore.1.gz lzmore.1.gz /usr/share/man/man1/xzmore.1.gz --slave /usr/bin/lzless lzless /usr/bin/xzless --slave /usr/share/man/man1/lzless.1.gz lzless.1.gz /usr/share/man/man1/xzless.1.gz --slave /usr/bin/lzdiff lzdiff /usr/bin/xzdiff --slave /usr/share/man/man1/lzdiff.1.gz lzdiff.1.gz /usr/share/man/man1/xzdiff.1.gz --slave /usr/bin/lzcmp lzcmp /usr/bin/xzcmp --slave /usr/share/man/man1/lzcmp.1.gz lzcmp.1.gz /usr/share/man/man1/xzcmp.1.gz --slave /usr/bin/lzgrep lzgrep /usr/bin/xzgrep --slave /usr/share/man/man1/lzgrep.1.gz lzgrep.1.gz /usr/share/man/man1/xzgrep.1.gz --slave /usr/bin/lzegrep lzegrep /usr/bin/xzegrep --slave /usr/share/man/man1/lzegrep.1.gz lzegrep.1.gz /usr/share/man/man1/xzegrep.1.gz --slave /usr/bin/lzfgrep lzfgrep /usr/bin/xzfgrep --slave /usr/share/man/man1/lzfgrep.1.gz lzfgrep.1.gz /usr/share/man/man1/xzfgrep.1.gz
update-alternatives 2020-05-02 05:22:22: link group lzma updated to point to /usr/bin/xz
update-alternatives 2020-05-02 05:22:26: run with --quiet --install /usr/bin/pinentry pinentry /usr/bin/pinentry-curses 50 --slave /usr/share/man/man1/pinentry.1.gz pinentry.1.gz /usr/share/man/man1/pinentry-curses.1.gz
update-alternatives 2020-05-02 05:22:26: link group pinentry updated to point to /usr/bin/pinentry-curses
update-alternatives 2020-05-02 05:22:27: run with --install /etc/newt/palette newt-palette /etc/newt/palette.ubuntu 50
update-alternatives 2020-05-02 05:22:27: link group newt-palette updated to point to /etc/newt/palette.ubuntu
update-alternatives 2020-05-02 05:22:27: run with --install /etc/newt/palette newt-palette /etc/newt/palette.original 20
update-alternatives 2020-05-02 05:22:28: run with --install /bin/nc nc /bin/nc.openbsd 50 --slave /bin/netcat netcat /bin/nc.openbsd --slave /usr/share/man/man1/nc.1.gz nc.1.gz /usr/share/man/man1/nc_openbsd.1.gz --slave /usr/share/man/man1/netcat.1.gz netcat.1.gz /usr/share/man/man1/nc_openbsd.1.gz
update-alternatives 2020-05-02 05:22:28: link group nc updated to point to /bin/nc.openbsd
update-alternatives 2020-05-02 05:22:29: run with --install /usr/bin/rview rview /usr/bin/vim.tiny 15
update-alternatives 2020-05-02 05:22:29: link group rview updated to point to /usr/bin/vim.tiny
update-alternatives 2020-05-02 05:22:29: run with --install /usr/bin/vi vi /usr/bin/vim.tiny 15 --slave /usr/share/man/da/man1/vi.1.gz vi.da.1.gz /usr/share/man/da/man1/vim.1.gz --slave /usr/share/man/de/man1/vi.1.gz vi.de.1.gz /usr/share/man/de/man1/vim.1.gz --slave /usr/share/man/fr/man1/vi.1.gz vi.fr.1.gz /usr/share/man/fr/man1/vim.1.gz --slave /usr/share/man/it/man1/vi.1.gz vi.it.1.gz /usr/share/man/it/man1/vim.1.gz --slave /usr/share/man/ja/man1/vi.1.gz vi.ja.1.gz /usr/share/man/ja/man1/vim.1.gz --slave /usr/share/man/pl/man1/vi.1.gz vi.pl.1.gz /usr/share/man/pl/man1/vim.1.gz --slave /usr/share/man/ru/man1/vi.1.gz vi.ru.1.gz /usr/share/man/ru/man1/vim.1.gz --slave /usr/share/man/man1/vi.1.gz vi.1.gz /usr/share/man/man1/vim.1.gz
update-alternatives 2020-05-02 05:22:29: link group vi updated to point to /usr/bin/vim.tiny
update-alternatives 2020-05-02 05:22:29: run with --install /usr/bin/view view /usr/bin/vim.tiny 15 --slave /usr/share/man/da/man1/view.1.gz view.da.1.gz /usr/share/man/da/man1/vim.1.gz --slave /usr/share/man/de/man1/view.1.gz view.de.1.gz /usr/share/man/de/man1/vim.1.gz --slave /usr/share/man/fr/man1/view.1.gz view.fr.1.gz /usr/share/man/fr/man1/vim.1.gz --slave /usr/share/man/it/man1/view.1.gz view.it.1.gz /usr/share/man/it/man1/vim.1.gz --slave /usr/share/man/ja/man1/view.1.gz view.ja.1.gz /usr/share/man/ja/man1/vim.1.gz --slave /usr/share/man/pl/man1/view.1.gz view.pl.1.gz /usr/share/man/pl/man1/vim.1.gz --slave /usr/share/man/ru/man1/view.1.gz view.ru.1.gz /usr/share/man/ru/man1/vim.1.gz --slave /usr/share/man/man1/view.1.gz view.1.gz /usr/share/man/man1/vim.1.gz
update-alternatives 2020-05-02 05:22:29: link group view updated to point to /usr/bin/vim.tiny
update-alternatives 2020-05-02 05:22:29: run with --install /usr/bin/ex ex /usr/bin/vim.tiny 15 --slave /usr/share/man/da/man1/ex.1.gz ex.da.1.gz /usr/share/man/da/man1/vim.1.gz --slave /usr/share/man/de/man1/ex.1.gz ex.de.1.gz /usr/share/man/de/man1/vim.1.gz --slave /usr/share/man/fr/man1/ex.1.gz ex.fr.1.gz /usr/share/man/fr/man1/vim.1.gz --slave /usr/share/man/it/man1/ex.1.gz ex.it.1.gz /usr/share/man/it/man1/vim.1.gz --slave /usr/share/man/ja/man1/ex.1.gz ex.ja.1.gz /usr/share/man/ja/man1/vim.1.gz --slave /usr/share/man/pl/man1/ex.1.gz ex.pl.1.gz /usr/share/man/pl/man1/vim.1.gz --slave /usr/share/man/ru/man1/ex.1.gz ex.ru.1.gz /usr/share/man/ru/man1/vim.1.gz --slave /usr/share/man/man1/ex.1.gz ex.1.gz /usr/share/man/man1/vim.1.gz
update-alternatives 2020-05-02 05:22:29: link group ex updated to point to /usr/bin/vim.tiny
update-alternatives 2020-05-02 05:22:29: run with --install /usr/bin/editor editor /usr/bin/vim.tiny 15 --slave /usr/share/man/da/man1/editor.1.gz editor.da.1.gz /usr/share/man/da/man1/vim.1.gz --slave /usr/share/man/de/man1/editor.1.gz editor.de.1.gz /usr/share/man/de/man1/vim.1.gz --slave /usr/share/man/fr/man1/editor.1.gz editor.fr.1.gz /usr/share/man/fr/man1/vim.1.gz --slave /usr/share/man/it/man1/editor.1.gz editor.it.1.gz /usr/share/man/it/man1/vim.1.gz --slave /usr/share/man/ja/man1/editor.1.gz editor.ja.1.gz /usr/share/man/ja/man1/vim.1.gz --slave /usr/share/man/pl/man1/editor.1.gz editor.pl.1.gz /usr/share/man/pl/man1/vim.1.gz --slave /usr/share/man/ru/man1/editor.1.gz editor.ru.1.gz /usr/share/man/ru/man1/vim.1.gz --slave /usr/share/man/man1/editor.1.gz editor.1.gz /usr/share/man/man1/vim.1.gz
update-alternatives 2020-05-02 05:22:29: link group editor updated to point to /usr/bin/vim.tiny
update-alternatives 2020-05-02 05:22:53: run with --install /etc/vtrgb vtrgb /etc/console-setup/vtrgb 50
update-alternatives 2020-05-02 05:22:53: link group vtrgb updated to point to /etc/console-setup/vtrgb
update-alternatives 2020-05-02 05:22:53: run with --install /etc/vtrgb vtrgb /etc/console-setup/vtrgb.vga 20
update-alternatives 2020-05-02 05:36:55: run with --install /bin/mt mt /bin/mt-gnu 10 --slave /usr/share/man/man1/mt.1.gz mt.1.gz /usr/share/man/man1/mt-gnu.1.gz
update-alternatives 2020-05-02 05:36:55: link group mt updated to point to /bin/mt-gnu
update-alternatives 2020-05-02 05:36:58: run with --install /etc/mysql/my.cnf my.cnf /etc/mysql/my.cnf.fallback 100
update-alternatives 2020-05-02 05:36:58: link group my.cnf updated to point to /etc/mysql/my.cnf.fallback
update-alternatives 2020-05-02 05:37:01: run with --install /usr/bin/telnet telnet /usr/bin/telnet.netkit 100 --slave /usr/share/man/man1/telnet.1.gz telnet.1.gz /usr/share/man/man1/telnet.netkit.1.gz
update-alternatives 2020-05-02 05:37:01: link group telnet updated to point to /usr/bin/telnet.netkit
update-alternatives 2020-05-02 05:37:05: run with --install /usr/share/gnome-shell/gdm3-theme.gresource gdm3-theme.gresource /usr/share/gnome-shell/theme/Yaru/gnome-shell-theme.gresource 15
update-alternatives 2020-05-02 05:37:05: link group gdm3-theme.gresource updated to point to /usr/share/gnome-shell/theme/Yaru/gnome-shell-theme.gresource
update-alternatives 2020-05-02 05:37:26: run with --install /usr/share/icons/default/index.theme x-cursor-theme /usr/share/icons/DMZ-White/cursor.theme 100
update-alternatives 2020-05-02 05:37:26: link group x-cursor-theme updated to point to /usr/share/icons/DMZ-White/cursor.theme
update-alternatives 2020-05-02 05:37:27: run with --install /usr/share/icons/default/index.theme x-cursor-theme /usr/share/icons/DMZ-Black/cursor.theme 30
update-alternatives 2020-05-02 05:37:39: run with --quiet --install /usr/bin/editor editor /bin/ed -100 --slave /usr/share/man/man1/editor.1.gz editor.1.gz /usr/share/man/man1/ed.1.gz
update-alternatives 2020-05-02 05:37:46: run with --install /usr/bin/write write /usr/bin/bsd-write 100 --slave /usr/share/man/man1/write.1.gz write.1.gz /usr/share/man/man1/bsd-write.1.gz
update-alternatives 2020-05-02 05:37:46: link group write updated to point to /usr/bin/bsd-write
update-alternatives 2020-05-02 05:37:46: run with --install /usr/bin/from from /usr/bin/bsd-from 10 --slave /usr/share/man/man1/from.1.gz from.1.gz /usr/share/man/man1/bsd-from.1.gz
update-alternatives 2020-05-02 05:37:46: link group from updated to point to /usr/bin/bsd-from
update-alternatives 2020-05-02 05:37:47: run with --install /usr/bin/ftp ftp /usr/bin/netkit-ftp 100 --slave /usr/bin/pftp pftp /usr/bin/netkit-ftp --slave /usr/share/man/man1/ftp.1.gz ftp.1.gz /usr/share/man/man1/netkit-ftp.1.gz --slave /usr/share/man/man1/pftp.1.gz pftp.1.gz /usr/share/man/man1/netkit-ftp.1.gz --slave /usr/share/man/man5/netrc.5.gz netrc.5.gz /usr/share/man/man5/netkit-netrc.5.gz
update-alternatives 2020-05-02 05:37:47: link group ftp updated to point to /usr/bin/netkit-ftp
update-alternatives 2020-05-02 05:37:52: run with --install /usr/bin/editor editor /bin/nano 40 --slave /usr/share/man/man1/editor.1.gz editor.1.gz /usr/share/man/man1/nano.1.gz
update-alternatives 2020-05-02 05:37:52: link group editor updated to point to /bin/nano
update-alternatives 2020-05-02 05:37:52: run with --install /usr/bin/pico pico /bin/nano 10 --slave /usr/share/man/man1/pico.1.gz pico.1.gz /usr/share/man/man1/nano.1.gz
update-alternatives 2020-05-02 05:37:52: link group pico updated to point to /bin/nano
update-alternatives 2020-05-02 05:38:11: run with --install /usr/bin/infobrowser infobrowser /usr/bin/info 60 --slave /usr/share/man/man1/infobrowser.1.gz infobrowser.1.gz /usr/share/man/man1/info.1.gz
update-alternatives 2020-05-02 05:38:11: link group infobrowser updated to point to /usr/bin/info
update-alternatives 2020-05-02 05:38:12: run with --install /usr/bin/traceroute6 traceroute6 /usr/bin/traceroute6.iputils 100 --slave /usr/share/man/man8/traceroute6.8.gz traceroute6.8.gz /usr/share/man/man8/traceroute6.iputils.8.gz
update-alternatives 2020-05-02 05:38:12: link group traceroute6 updated to point to /usr/bin/traceroute6.iputils
update-alternatives 2020-05-02 05:38:15: run with --install /usr/share/icons/default/index.theme x-cursor-theme /etc/X11/cursors/core.theme 30
update-alternatives 2020-05-02 05:38:15: run with --install /usr/share/icons/default/index.theme x-cursor-theme /etc/X11/cursors/redglass.theme 20
update-alternatives 2020-05-02 05:38:15: run with --install /usr/share/icons/default/index.theme x-cursor-theme /etc/X11/cursors/whiteglass.theme 20
update-alternatives 2020-05-02 05:38:15: run with --install /usr/share/icons/default/index.theme x-cursor-theme /etc/X11/cursors/handhelds.theme 20
update-alternatives 2020-05-02 05:38:30: run with --install /usr/bin/x-terminal-emulator x-terminal-emulator /usr/bin/txiterm 20 --slave /usr/share/man/man1/x-terminal-emulator.1.gz x-terminal-emulator.1.gz /usr/share/man/man1/txiterm.1.gz
update-alternatives 2020-05-02 05:38:30: link group x-terminal-emulator updated to point to /usr/bin/txiterm
update-alternatives 2020-05-02 05:38:30: run with --install /usr/bin/x-terminal-emulator x-terminal-emulator /usr/bin/xiterm+thai 20 --slave /usr/share/man/man1/x-terminal-emulator.1.gz x-terminal-emulator.1.gz /usr/share/man/man1/xiterm+thai.1.gz
update-alternatives 2020-05-02 05:38:51: run with --install /usr/bin/vim vim /usr/bin/vim.basic 30
update-alternatives 2020-05-02 05:38:51: link group vim updated to point to /usr/bin/vim.basic
update-alternatives 2020-05-02 05:38:51: run with --install /usr/bin/vimdiff vimdiff /usr/bin/vim.basic 30
update-alternatives 2020-05-02 05:38:51: link group vimdiff updated to point to /usr/bin/vim.basic
update-alternatives 2020-05-02 05:38:51: run with --install /usr/bin/rvim rvim /usr/bin/vim.basic 30
update-alternatives 2020-05-02 05:38:51: link group rvim updated to point to /usr/bin/vim.basic
update-alternatives 2020-05-02 05:38:51: run with --install /usr/bin/rview rview /usr/bin/vim.basic 30
update-alternatives 2020-05-02 05:38:51: link group rview updated to point to /usr/bin/vim.basic
update-alternatives 2020-05-02 05:38:51: run with --install /usr/bin/vi vi /usr/bin/vim.basic 30 --slave /usr/share/man/da/man1/vi.1.gz vi.da.1.gz /usr/share/man/da/man1/vim.1.gz --slave /usr/share/man/de/man1/vi.1.gz vi.de.1.gz /usr/share/man/de/man1/vim.1.gz --slave /usr/share/man/fr/man1/vi.1.gz vi.fr.1.gz /usr/share/man/fr/man1/vim.1.gz --slave /usr/share/man/it/man1/vi.1.gz vi.it.1.gz /usr/share/man/it/man1/vim.1.gz --slave /usr/share/man/ja/man1/vi.1.gz vi.ja.1.gz /usr/share/man/ja/man1/vim.1.gz --slave /usr/share/man/pl/man1/vi.1.gz vi.pl.1.gz /usr/share/man/pl/man1/vim.1.gz --slave /usr/share/man/ru/man1/vi.1.gz vi.ru.1.gz /usr/share/man/ru/man1/vim.1.gz --slave /usr/share/man/man1/vi.1.gz vi.1.gz /usr/share/man/man1/vim.1.gz
update-alternatives 2020-05-02 05:38:51: link group vi updated to point to /usr/bin/vim.basic
update-alternatives 2020-05-02 05:38:51: run with --install /usr/bin/view view /usr/bin/vim.basic 30 --slave /usr/share/man/da/man1/view.1.gz view.da.1.gz /usr/share/man/da/man1/vim.1.gz --slave /usr/share/man/de/man1/view.1.gz view.de.1.gz /usr/share/man/de/man1/vim.1.gz --slave /usr/share/man/fr/man1/view.1.gz view.fr.1.gz /usr/share/man/fr/man1/vim.1.gz --slave /usr/share/man/it/man1/view.1.gz view.it.1.gz /usr/share/man/it/man1/vim.1.gz --slave /usr/share/man/ja/man1/view.1.gz view.ja.1.gz /usr/share/man/ja/man1/vim.1.gz --slave /usr/share/man/pl/man1/view.1.gz view.pl.1.gz /usr/share/man/pl/man1/vim.1.gz --slave /usr/share/man/ru/man1/view.1.gz view.ru.1.gz /usr/share/man/ru/man1/vim.1.gz --slave /usr/share/man/man1/view.1.gz view.1.gz /usr/share/man/man1/vim.1.gz
update-alternatives 2020-05-02 05:38:51: link group view updated to point to /usr/bin/vim.basic
update-alternatives 2020-05-02 05:38:51: run with --install /usr/bin/ex ex /usr/bin/vim.basic 30 --slave /usr/share/man/da/man1/ex.1.gz ex.da.1.gz /usr/share/man/da/man1/vim.1.gz --slave /usr/share/man/de/man1/ex.1.gz ex.de.1.gz /usr/share/man/de/man1/vim.1.gz --slave /usr/share/man/fr/man1/ex.1.gz ex.fr.1.gz /usr/share/man/fr/man1/vim.1.gz --slave /usr/share/man/it/man1/ex.1.gz ex.it.1.gz /usr/share/man/it/man1/vim.1.gz --slave /usr/share/man/ja/man1/ex.1.gz ex.ja.1.gz /usr/share/man/ja/man1/vim.1.gz --slave /usr/share/man/pl/man1/ex.1.gz ex.pl.1.gz /usr/share/man/pl/man1/vim.1.gz --slave /usr/share/man/ru/man1/ex.1.gz ex.ru.1.gz /usr/share/man/ru/man1/vim.1.gz --slave /usr/share/man/man1/ex.1.gz ex.1.gz /usr/share/man/man1/vim.1.gz
update-alternatives 2020-05-02 05:38:51: link group ex updated to point to /usr/bin/vim.basic
update-alternatives 2020-05-02 05:38:51: run with --install /usr/bin/editor editor /usr/bin/vim.basic 30 --slave /usr/share/man/da/man1/editor.1.gz editor.da.1.gz /usr/share/man/da/man1/vim.1.gz --slave /usr/share/man/de/man1/editor.1.gz editor.de.1.gz /usr/share/man/de/man1/vim.1.gz --slave /usr/share/man/fr/man1/editor.1.gz editor.fr.1.gz /usr/share/man/fr/man1/vim.1.gz --slave /usr/share/man/it/man1/editor.1.gz editor.it.1.gz /usr/share/man/it/man1/vim.1.gz --slave /usr/share/man/ja/man1/editor.1.gz editor.ja.1.gz /usr/share/man/ja/man1/vim.1.gz --slave /usr/share/man/pl/man1/editor.1.gz editor.pl.1.gz /usr/share/man/pl/man1/vim.1.gz --slave /usr/share/man/ru/man1/editor.1.gz editor.ru.1.gz /usr/share/man/ru/man1/vim.1.gz --slave /usr/share/man/man1/editor.1.gz editor.1.gz /usr/share/man/man1/vim.1.gz
update-alternatives 2020-05-02 05:38:54: run with --install /usr/sbin/iptables iptables /usr/sbin/iptables-legacy 20 --slave /usr/sbin/iptables-restore iptables-restore /usr/sbin/iptables-legacy-restore --slave /usr/sbin/iptables-save iptables-save /usr/sbin/iptables-legacy-save
update-alternatives 2020-05-02 05:38:54: link group iptables updated to point to /usr/sbin/iptables-legacy
update-alternatives 2020-05-02 05:38:54: run with --install /usr/sbin/ip6tables ip6tables /usr/sbin/ip6tables-legacy 20 --slave /usr/sbin/ip6tables-restore ip6tables-restore /usr/sbin/ip6tables-legacy-restore --slave /usr/sbin/ip6tables-save ip6tables-save /usr/sbin/ip6tables-legacy-save
update-alternatives 2020-05-02 05:38:54: link group ip6tables updated to point to /usr/sbin/ip6tables-legacy
update-alternatives 2020-05-02 05:38:54: run with --install /usr/sbin/iptables iptables /usr/sbin/iptables-nft 10 --slave /usr/sbin/iptables-restore iptables-restore /usr/sbin/iptables-nft-restore --slave /usr/sbin/iptables-save iptables-save /usr/sbin/iptables-nft-save
update-alternatives 2020-05-02 05:38:54: run with --install /usr/sbin/ip6tables ip6tables /usr/sbin/ip6tables-nft 10 --slave /usr/sbin/ip6tables-restore ip6tables-restore /usr/sbin/ip6tables-nft-restore --slave /usr/sbin/ip6tables-save ip6tables-save /usr/sbin/ip6tables-nft-save
update-alternatives 2020-05-02 05:38:54: run with --install /usr/sbin/arptables arptables /usr/sbin/arptables-nft 10 --slave /usr/sbin/arptables-restore arptables-restore /usr/sbin/arptables-nft-restore --slave /usr/sbin/arptables-save arptables-save /usr/sbin/arptables-nft-save
update-alternatives 2020-05-02 05:38:54: link group arptables updated to point to /usr/sbin/arptables-nft
update-alternatives 2020-05-02 05:38:54: run with --install /usr/sbin/ebtables ebtables /usr/sbin/ebtables-nft 10 --slave /usr/sbin/ebtables-restore ebtables-restore /usr/sbin/ebtables-nft-restore --slave /usr/sbin/ebtables-save ebtables-save /usr/sbin/ebtables-nft-save
update-alternatives 2020-05-02 05:38:54: link group ebtables updated to point to /usr/sbin/ebtables-nft
update-alternatives 2020-05-02 05:38:54: run with --quiet --install /usr/bin/rsh rsh /usr/bin/ssh 20 --slave /usr/share/man/man1/rsh.1.gz rsh.1.gz /usr/share/man/man1/ssh.1.gz
update-alternatives 2020-05-02 05:38:54: link group rsh updated to point to /usr/bin/ssh
update-alternatives 2020-05-02 05:38:54: run with --quiet --install /usr/bin/rlogin rlogin /usr/bin/slogin 20 --slave /usr/share/man/man1/rlogin.1.gz rlogin.1.gz /usr/share/man/man1/slogin.1.gz
update-alternatives 2020-05-02 05:38:54: link group rlogin updated to point to /usr/bin/slogin
update-alternatives 2020-05-02 05:38:54: run with --quiet --install /usr/bin/rcp rcp /usr/bin/scp 20 --slave /usr/share/man/man1/rcp.1.gz rcp.1.gz /usr/share/man/man1/scp.1.gz
update-alternatives 2020-05-02 05:38:54: link group rcp updated to point to /usr/bin/scp
update-alternatives 2020-05-02 05:38:56: run with --install /usr/share/gnome-shell/gdm3-theme.gresource gdm3-theme.gresource /usr/share/gnome-shell/gnome-shell-theme.gresource 10
update-alternatives 2020-05-02 05:40:11: run with --install /usr/share/plymouth/themes/text.plymouth text.plymouth /usr/share/plymouth/themes/ubuntu-text/ubuntu-text.plymouth 50
update-alternatives 2020-05-02 05:40:11: link group text.plymouth updated to point to /usr/share/plymouth/themes/ubuntu-text/ubuntu-text.plymouth
update-alternatives 2020-05-02 05:40:20: run with --quiet --install /lib/cpp cpp /usr/bin/cpp 10
update-alternatives 2020-05-02 05:40:20: link group cpp updated to point to /usr/bin/cpp
update-alternatives 2020-05-02 05:40:36: run with --install /usr/share/plymouth/themes/default.plymouth default.plymouth /usr/share/plymouth/themes/bgrt/bgrt.plymouth 110
update-alternatives 2020-05-02 05:40:36: link group default.plymouth updated to point to /usr/share/plymouth/themes/bgrt/bgrt.plymouth
update-alternatives 2020-05-02 05:40:43: run with --install /usr/share/plymouth/themes/default.plymouth default.plymouth /usr/share/plymouth/themes/spinner/spinner.plymouth 70
update-alternatives 2020-05-02 05:40:43: run with --install /usr/share/plymouth/themes/text.plymouth text.plymouth /usr/share/plymouth/themes/text/text.plymouth 40
update-alternatives 2020-05-02 05:40:51: run with --install /usr/share/icons/default/index.theme x-cursor-theme /usr/share/icons/Adwaita/cursor.theme 90
update-alternatives 2020-05-02 05:41:27: run with --install /usr/bin/gstreamer-codec-install gstreamer-codec-install /usr/lib/packagekit/pk-gstreamer-install 80
update-alternatives 2020-05-02 05:41:27: link group gstreamer-codec-install updated to point to /usr/lib/packagekit/pk-gstreamer-install
update-alternatives 2020-05-02 05:41:28: run with --install /usr/bin/x-terminal-emulator x-terminal-emulator /usr/bin/gnome-terminal.wrapper 40 --slave /usr/share/man/man1/x-terminal-emulator.1.gz x-terminal-emulator.1.gz /usr/share/man/man1/gnome-terminal.1.gz
update-alternatives 2020-05-02 05:41:28: link group x-terminal-emulator updated to point to /usr/bin/gnome-terminal.wrapper
update-alternatives 2020-05-02 05:41:30: run with --install /usr/bin/gnome-www-browser gnome-www-browser /usr/bin/firefox 40
update-alternatives 2020-05-02 05:41:30: link group gnome-www-browser updated to point to /usr/bin/firefox
update-alternatives 2020-05-02 05:41:30: run with --install /usr/bin/x-www-browser x-www-browser /usr/bin/firefox 40
update-alternatives 2020-05-02 05:41:30: link group x-www-browser updated to point to /usr/bin/firefox
update-alternatives 2020-05-02 05:41:31: run with --install /usr/bin/x-session-manager x-session-manager /usr/bin/gnome-session 50 --slave /usr/share/man/man1/x-session-manager.1.gz x-session-manager.1.gz /usr/share/man/man1/gnome-session.1.gz
update-alternatives 2020-05-02 05:41:31: link group x-session-manager updated to point to /usr/bin/gnome-session
update-alternatives 2020-05-02 05:41:32: run with --install /usr/bin/x-window-manager x-window-manager /usr/bin/mutter 60 --slave /usr/share/man/man1/x-window-manager.1.gz x-window-manager.1.gz /usr/share/man/man1/mutter.1.gz
update-alternatives 2020-05-02 05:41:32: link group x-window-manager updated to point to /usr/bin/mutter
update-alternatives 2020-05-02 05:41:32: run with --quiet --install /usr/bin/pinentry pinentry /usr/bin/pinentry-gnome3 90 --slave /usr/share/man/man1/pinentry.1.gz pinentry.1.gz /usr/share/man/man1/pinentry-gnome3.1.gz
update-alternatives 2020-05-02 05:41:32: link group pinentry updated to point to /usr/bin/pinentry-gnome3
update-alternatives 2020-05-02 05:41:32: run with --quiet --install /usr/bin/pinentry-x11 pinentry-x11 /usr/bin/pinentry-gnome3 90 --slave /usr/share/man/man1/pinentry-x11.1.gz pinentry-x11.1.gz /usr/share/man/man1/pinentry-gnome3.1.gz
update-alternatives 2020-05-02 05:41:32: link group pinentry-x11 updated to point to /usr/bin/pinentry-gnome3
update-alternatives 2020-05-02 05:41:34: run with --install /usr/bin/gnome-text-editor gnome-text-editor /usr/bin/gedit 50 --slave /usr/share/man/man1/gnome-text-editor.1.gz gnome-text-editor.1.gz /usr/share/man/man1/gedit.1.gz
update-alternatives 2020-05-02 05:41:34: link group gnome-text-editor updated to point to /usr/bin/gedit
update-alternatives 2020-05-02 05:43:33: run with --install /etc/cifs-utils/idmap-plugin idmap-plugin /usr/lib/x86_64-linux-gnu/cifs-utils/idmapwb.so 40 --slave /usr/share/man/man8/idmap-plugin.8.gz idmap-plugin.8.gz /usr/share/man/man8/idmapwb.8.gz
update-alternatives 2020-05-02 05:43:33: link group idmap-plugin updated to point to /usr/lib/x86_64-linux-gnu/cifs-utils/idmapwb.so
update-alternatives 2020-05-02 05:45:18: run with --quiet --install /usr/bin/cc cc /usr/bin/gcc 20 --slave /usr/share/man/man1/cc.1.gz cc.1.gz /usr/share/man/man1/gcc.1.gz
update-alternatives 2020-05-02 05:45:18: link group cc updated to point to /usr/bin/gcc
update-alternatives 2020-05-02 05:45:18: run with --quiet --install /usr/bin/c89 c89 /usr/bin/c89-gcc 20 --slave /usr/share/man/man1/c89.1.gz c89.1.gz /usr/share/man/man1/c89-gcc.1.gz
update-alternatives 2020-05-02 05:45:18: link group c89 updated to point to /usr/bin/c89-gcc
update-alternatives 2020-05-02 05:45:18: run with --quiet --install /usr/bin/c99 c99 /usr/bin/c99-gcc 20 --slave /usr/share/man/man1/c99.1.gz c99.1.gz /usr/share/man/man1/c99-gcc.1.gz
update-alternatives 2020-05-02 05:45:18: link group c99 updated to point to /usr/bin/c99-gcc
update-alternatives 2022-12-29 13:35:07: run with --remove builtins.7.gz /usr/share/man/man7/bash-builtins.7.gz
update-alternatives 2022-12-29 13:35:07: link group builtins.7.gz fully removed
update-alternatives 2022-12-29 13:35:07: run with --install /usr/share/man/man7/builtins.7.gz builtins.7.gz /usr/share/man/man7/bash-builtins.7.gz 10
update-alternatives 2022-12-29 13:35:07: link group builtins.7.gz updated to point to /usr/share/man/man7/bash-builtins.7.gz
update-alternatives 2022-12-29 13:35:09: run with --install /usr/sbin/rmt rmt /usr/sbin/rmt-tar 50 --slave /usr/share/man/man8/rmt.8.gz rmt.8.gz /usr/share/man/man8/rmt-tar.8.gz
update-alternatives 2022-12-29 13:35:09: run with --install /usr/bin/pager pager /bin/more 50 --slave /usr/share/man/man1/pager.1.gz pager.1.gz /usr/share/man/man1/more.1.gz
update-alternatives 2022-12-29 13:35:09: run with --remove pager /usr/bin/pg
update-alternatives 2022-12-29 13:35:42: run with --quiet --install /usr/bin/pager pager /usr/bin/less 77 --slave /usr/share/man/man1/pager.1.gz pager.1.gz /usr/share/man/man1/less.1.gz
update-alternatives 2022-12-29 13:35:42: run with --quiet --remove pager /bin/less
update-alternatives 2022-12-29 13:36:22: run with --install /bin/mt mt /bin/mt-gnu 10 --slave /usr/share/man/man1/mt.1.gz mt.1.gz /usr/share/man/man1/mt-gnu.1.gz
update-alternatives 2022-12-29 13:36:22: run with --install /usr/share/gnome-shell/gdm3-theme.gresource gdm3-theme.gresource /usr/share/gnome-shell/theme/Yaru/gnome-shell-theme.gresource 15
update-alternatives 2022-12-29 13:36:56: run with --quiet --install /usr/bin/pager pager /usr/bin/less 77 --slave /usr/share/man/man1/pager.1.gz pager.1.gz /usr/share/man/man1/less.1.gz
update-alternatives 2022-12-29 13:36:56: run with --quiet --remove pager /bin/less
update-alternatives 2022-12-29 13:36:56: run with --install /usr/share/gnome-shell/gdm3-theme.gresource gdm3-theme.gresource /usr/share/gnome-shell/gnome-shell-theme.gresource 10
update-alternatives 2022-12-29 13:37:15: run with --install /usr/bin/lzma lzma /usr/bin/xz 20 --slave /usr/share/man/man1/lzma.1.gz lzma.1.gz /usr/share/man/man1/xz.1.gz --slave /usr/bin/unlzma unlzma /usr/bin/unxz --slave /usr/share/man/man1/unlzma.1.gz unlzma.1.gz /usr/share/man/man1/unxz.1.gz --slave /usr/bin/lzcat lzcat /usr/bin/xzcat --slave /usr/share/man/man1/lzcat.1.gz lzcat.1.gz /usr/share/man/man1/xzcat.1.gz --slave /usr/bin/lzmore lzmore /usr/bin/xzmore --slave /usr/share/man/man1/lzmore.1.gz lzmore.1.gz /usr/share/man/man1/xzmore.1.gz --slave /usr/bin/lzless lzless /usr/bin/xzless --slave /usr/share/man/man1/lzless.1.gz lzless.1.gz /usr/share/man/man1/xzless.1.gz --slave /usr/bin/lzdiff lzdiff /usr/bin/xzdiff --slave /usr/share/man/man1/lzdiff.1.gz lzdiff.1.gz /usr/share/man/man1/xzdiff.1.gz --slave /usr/bin/lzcmp lzcmp /usr/bin/xzcmp --slave /usr/share/man/man1/lzcmp.1.gz lzcmp.1.gz /usr/share/man/man1/xzcmp.1.gz --slave /usr/bin/lzgrep lzgrep /usr/bin/xzgrep --slave /usr/share/man/man1/lzgrep.1.gz lzgrep.1.gz /usr/share/man/man1/xzgrep.1.gz --slave /usr/bin/lzegrep lzegrep /usr/bin/xzegrep --slave /usr/share/man/man1/lzegrep.1.gz lzegrep.1.gz /usr/share/man/man1/xzegrep.1.gz --slave /usr/bin/lzfgrep lzfgrep /usr/bin/xzfgrep --slave /usr/share/man/man1/lzfgrep.1.gz lzfgrep.1.gz /usr/share/man/man1/xzfgrep.1.gz
update-alternatives 2022-12-29 13:37:20: run with --install /usr/bin/rview rview /usr/bin/vim.tiny 15
update-alternatives 2022-12-29 13:37:20: run with --install /usr/bin/vi vi /usr/bin/vim.tiny 15 --slave /usr/share/man/da/man1/vi.1.gz vi.da.1.gz /usr/share/man/da/man1/vim.1.gz --slave /usr/share/man/de/man1/vi.1.gz vi.de.1.gz /usr/share/man/de/man1/vim.1.gz --slave /usr/share/man/fr/man1/vi.1.gz vi.fr.1.gz /usr/share/man/fr/man1/vim.1.gz --slave /usr/share/man/it/man1/vi.1.gz vi.it.1.gz /usr/share/man/it/man1/vim.1.gz --slave /usr/share/man/ja/man1/vi.1.gz vi.ja.1.gz /usr/share/man/ja/man1/vim.1.gz --slave /usr/share/man/pl/man1/vi.1.gz vi.pl.1.gz /usr/share/man/pl/man1/vim.1.gz --slave /usr/share/man/ru/man1/vi.1.gz vi.ru.1.gz /usr/share/man/ru/man1/vim.1.gz --slave /usr/share/man/man1/vi.1.gz vi.1.gz /usr/share/man/man1/vim.1.gz
update-alternatives 2022-12-29 13:37:20: run with --install /usr/bin/view view /usr/bin/vim.tiny 15 --slave /usr/share/man/da/man1/view.1.gz view.da.1.gz /usr/share/man/da/man1/vim.1.gz --slave /usr/share/man/de/man1/view.1.gz view.de.1.gz /usr/share/man/de/man1/vim.1.gz --slave /usr/share/man/fr/man1/view.1.gz view.fr.1.gz /usr/share/man/fr/man1/vim.1.gz --slave /usr/share/man/it/man1/view.1.gz view.it.1.gz /usr/share/man/it/man1/vim.1.gz --slave /usr/share/man/ja/man1/view.1.gz view.ja.1.gz /usr/share/man/ja/man1/vim.1.gz --slave /usr/share/man/pl/man1/view.1.gz view.pl.1.gz /usr/share/man/pl/man1/vim.1.gz --slave /usr/share/man/ru/man1/view.1.gz view.ru.1.gz /usr/share/man/ru/man1/vim.1.gz --slave /usr/share/man/man1/view.1.gz view.1.gz /usr/share/man/man1/vim.1.gz
update-alternatives 2022-12-29 13:37:20: run with --install /usr/bin/ex ex /usr/bin/vim.tiny 15 --slave /usr/share/man/da/man1/ex.1.gz ex.da.1.gz /usr/share/man/da/man1/vim.1.gz --slave /usr/share/man/de/man1/ex.1.gz ex.de.1.gz /usr/share/man/de/man1/vim.1.gz --slave /usr/share/man/fr/man1/ex.1.gz ex.fr.1.gz /usr/share/man/fr/man1/vim.1.gz --slave /usr/share/man/it/man1/ex.1.gz ex.it.1.gz /usr/share/man/it/man1/vim.1.gz --slave /usr/share/man/ja/man1/ex.1.gz ex.ja.1.gz /usr/share/man/ja/man1/vim.1.gz --slave /usr/share/man/pl/man1/ex.1.gz ex.pl.1.gz /usr/share/man/pl/man1/vim.1.gz --slave /usr/share/man/ru/man1/ex.1.gz ex.ru.1.gz /usr/share/man/ru/man1/vim.1.gz --slave /usr/share/man/man1/ex.1.gz ex.1.gz /usr/share/man/man1/vim.1.gz
update-alternatives 2022-12-29 13:37:20: run with --install /usr/bin/editor editor /usr/bin/vim.tiny 15 --slave /usr/share/man/da/man1/editor.1.gz editor.da.1.gz /usr/share/man/da/man1/vim.1.gz --slave /usr/share/man/de/man1/editor.1.gz editor.de.1.gz /usr/share/man/de/man1/vim.1.gz --slave /usr/share/man/fr/man1/editor.1.gz editor.fr.1.gz /usr/share/man/fr/man1/vim.1.gz --slave /usr/share/man/it/man1/editor.1.gz editor.it.1.gz /usr/share/man/it/man1/vim.1.gz --slave /usr/share/man/ja/man1/editor.1.gz editor.ja.1.gz /usr/share/man/ja/man1/vim.1.gz --slave /usr/share/man/pl/man1/editor.1.gz editor.pl.1.gz /usr/share/man/pl/man1/vim.1.gz --slave /usr/share/man/ru/man1/editor.1.gz editor.ru.1.gz /usr/share/man/ru/man1/vim.1.gz --slave /usr/share/man/man1/editor.1.gz editor.1.gz /usr/share/man/man1/vim.1.gz
update-alternatives 2022-12-29 13:37:23: run with --install /usr/bin/w w /usr/bin/w.procps 50 --slave /usr/share/man/man1/w.1.gz w.1.gz /usr/share/man/man1/w.procps.1.gz
update-alternatives 2022-12-29 13:37:24: run with --quiet --remove rlogin /usr/bin/ssh
update-alternatives 2022-12-29 13:37:24: run with --quiet --remove rcp /usr/bin/ssh
update-alternatives 2022-12-29 13:37:24: run with --install /etc/cifs-utils/idmap-plugin idmap-plugin /usr/lib/x86_64-linux-gnu/cifs-utils/idmapwb.so 40 --slave /usr/share/man/man8/idmap-plugin.8.gz idmap-plugin.8.gz /usr/share/man/man8/idmapwb.8.gz
update-alternatives 2022-12-29 13:37:27: run with --install /usr/bin/vim vim /usr/bin/vim.basic 30
update-alternatives 2022-12-29 13:37:27: run with --install /usr/bin/vimdiff vimdiff /usr/bin/vim.basic 30
update-alternatives 2022-12-29 13:37:27: run with --install /usr/bin/rvim rvim /usr/bin/vim.basic 30
update-alternatives 2022-12-29 13:37:27: run with --install /usr/bin/rview rview /usr/bin/vim.basic 30
update-alternatives 2022-12-29 13:37:27: run with --install /usr/bin/vi vi /usr/bin/vim.basic 30 --slave /usr/share/man/da/man1/vi.1.gz vi.da.1.gz /usr/share/man/da/man1/vim.1.gz --slave /usr/share/man/de/man1/vi.1.gz vi.de.1.gz /usr/share/man/de/man1/vim.1.gz --slave /usr/share/man/fr/man1/vi.1.gz vi.fr.1.gz /usr/share/man/fr/man1/vim.1.gz --slave /usr/share/man/it/man1/vi.1.gz vi.it.1.gz /usr/share/man/it/man1/vim.1.gz --slave /usr/share/man/ja/man1/vi.1.gz vi.ja.1.gz /usr/share/man/ja/man1/vim.1.gz --slave /usr/share/man/pl/man1/vi.1.gz vi.pl.1.gz /usr/share/man/pl/man1/vim.1.gz --slave /usr/share/man/ru/man1/vi.1.gz vi.ru.1.gz /usr/share/man/ru/man1/vim.1.gz --slave /usr/share/man/man1/vi.1.gz vi.1.gz /usr/share/man/man1/vim.1.gz
update-alternatives 2022-12-29 13:37:27: run with --install /usr/bin/view view /usr/bin/vim.basic 30 --slave /usr/share/man/da/man1/view.1.gz view.da.1.gz /usr/share/man/da/man1/vim.1.gz --slave /usr/share/man/de/man1/view.1.gz view.de.1.gz /usr/share/man/de/man1/vim.1.gz --slave /usr/share/man/fr/man1/view.1.gz view.fr.1.gz /usr/share/man/fr/man1/vim.1.gz --slave /usr/share/man/it/man1/view.1.gz view.it.1.gz /usr/share/man/it/man1/vim.1.gz --slave /usr/share/man/ja/man1/view.1.gz view.ja.1.gz /usr/share/man/ja/man1/vim.1.gz --slave /usr/share/man/pl/man1/view.1.gz view.pl.1.gz /usr/share/man/pl/man1/vim.1.gz --slave /usr/share/man/ru/man1/view.1.gz view.ru.1.gz /usr/share/man/ru/man1/vim.1.gz --slave /usr/share/man/man1/view.1.gz view.1.gz /usr/share/man/man1/vim.1.gz
update-alternatives 2022-12-29 13:37:27: run with --install /usr/bin/ex ex /usr/bin/vim.basic 30 --slave /usr/share/man/da/man1/ex.1.gz ex.da.1.gz /usr/share/man/da/man1/vim.1.gz --slave /usr/share/man/de/man1/ex.1.gz ex.de.1.gz /usr/share/man/de/man1/vim.1.gz --slave /usr/share/man/fr/man1/ex.1.gz ex.fr.1.gz /usr/share/man/fr/man1/vim.1.gz --slave /usr/share/man/it/man1/ex.1.gz ex.it.1.gz /usr/share/man/it/man1/vim.1.gz --slave /usr/share/man/ja/man1/ex.1.gz ex.ja.1.gz /usr/share/man/ja/man1/vim.1.gz --slave /usr/share/man/pl/man1/ex.1.gz ex.pl.1.gz /usr/share/man/pl/man1/vim.1.gz --slave /usr/share/man/ru/man1/ex.1.gz ex.ru.1.gz /usr/share/man/ru/man1/vim.1.gz --slave /usr/share/man/man1/ex.1.gz ex.1.gz /usr/share/man/man1/vim.1.gz
update-alternatives 2022-12-29 13:37:27: run with --install /usr/bin/editor editor /usr/bin/vim.basic 30 --slave /usr/share/man/da/man1/editor.1.gz editor.da.1.gz /usr/share/man/da/man1/vim.1.gz --slave /usr/share/man/de/man1/editor.1.gz editor.de.1.gz /usr/share/man/de/man1/vim.1.gz --slave /usr/share/man/fr/man1/editor.1.gz editor.fr.1.gz /usr/share/man/fr/man1/vim.1.gz --slave /usr/share/man/it/man1/editor.1.gz editor.it.1.gz /usr/share/man/it/man1/vim.1.gz --slave /usr/share/man/ja/man1/editor.1.gz editor.ja.1.gz /usr/share/man/ja/man1/vim.1.gz --slave /usr/share/man/pl/man1/editor.1.gz editor.pl.1.gz /usr/share/man/pl/man1/vim.1.gz --slave /usr/share/man/ru/man1/editor.1.gz editor.ru.1.gz /usr/share/man/ru/man1/vim.1.gz --slave /usr/share/man/man1/editor.1.gz editor.1.gz /usr/share/man/man1/vim.1.gz
update-alternatives 2022-12-29 13:37:27: run with --install /usr/share/icons/default/index.theme x-cursor-theme /usr/share/icons/Adwaita/cursor.theme 90
update-alternatives 2022-12-29 13:37:28: run with --install /usr/bin/x-terminal-emulator x-terminal-emulator /usr/bin/gnome-terminal.wrapper 40 --slave /usr/share/man/man1/x-terminal-emulator.1.gz x-terminal-emulator.1.gz /usr/share/man/man1/gnome-terminal.1.gz
update-alternatives 2022-12-29 13:37:29: run with --install /usr/bin/x-www-browser x-www-browser /usr/bin/google-chrome-stable 200
update-alternatives 2022-12-29 13:37:29: link group x-www-browser updated to point to /usr/bin/google-chrome-stable
update-alternatives 2022-12-29 13:37:29: run with --install /usr/bin/gnome-www-browser gnome-www-browser /usr/bin/google-chrome-stable 200
update-alternatives 2022-12-29 13:37:29: link group gnome-www-browser updated to point to /usr/bin/google-chrome-stable
update-alternatives 2022-12-29 13:37:29: run with --install /usr/bin/google-chrome google-chrome /usr/bin/google-chrome-stable 200
update-alternatives 2022-12-29 13:37:29: link group google-chrome updated to point to /usr/bin/google-chrome-stable
update-alternatives 2022-12-29 13:37:29: run with --install /usr/bin/gnome-www-browser gnome-www-browser /usr/bin/firefox 40
update-alternatives 2022-12-29 13:37:29: run with --install /usr/bin/x-www-browser x-www-browser /usr/bin/firefox 40
update-alternatives 2022-12-29 13:37:29: run with --install /usr/bin/x-window-manager x-window-manager /usr/bin/mutter 60 --slave /usr/share/man/man1/x-window-manager.1.gz x-window-manager.1.gz /usr/share/man/man1/mutter.1.gz
update-alternatives 2022-12-29 13:37:32: run with --install /usr/share/plymouth/themes/text.plymouth text.plymouth /usr/share/plymouth/themes/ubuntu-text/ubuntu-text.plymouth 50
update-alternatives 2022-12-29 13:37:35: run with --install /usr/share/plymouth/themes/default.plymouth default.plymouth /usr/share/plymouth/themes/bgrt/bgrt.plymouth 110
update-alternatives 2022-12-29 13:37:37: run with --install /usr/share/plymouth/themes/default.plymouth default.plymouth /usr/share/plymouth/themes/spinner/spinner.plymouth 70
update-alternatives 2022-12-29 13:37:37: run with --install /usr/share/plymouth/themes/text.plymouth text.plymouth /usr/share/plymouth/themes/text/text.plymouth 40
update-alternatives 2022-12-29 13:37:37: run with --install /usr/bin/gstreamer-codec-install gstreamer-codec-install /usr/lib/packagekit/pk-gstreamer-install 80
update-alternatives 2022-12-29 13:38:49: run with --install /usr/bin/gnome-text-editor gnome-text-editor /usr/bin/gedit 50 --slave /usr/share/man/man1/gnome-text-editor.1.gz gnome-text-editor.1.gz /usr/share/man/man1/gedit.1.gz
update-alternatives 2022-12-29 13:39:13: run with --install /usr/bin/futurize futurize /usr/bin/python3-futurize 300
update-alternatives 2022-12-29 13:39:13: link group futurize updated to point to /usr/bin/python3-futurize
update-alternatives 2022-12-29 13:39:13: run with --install /usr/bin/pasteurize pasteurize /usr/bin/python3-pasteurize 300
update-alternatives 2022-12-29 13:39:13: link group pasteurize updated to point to /usr/bin/python3-pasteurize
update-alternatives 2023-05-16 10:01:00: run with --install /usr/bin/lzma lzma /usr/bin/xz 20 --slave /usr/share/man/man1/lzma.1.gz lzma.1.gz /usr/share/man/man1/xz.1.gz --slave /usr/bin/unlzma unlzma /usr/bin/unxz --slave /usr/share/man/man1/unlzma.1.gz unlzma.1.gz /usr/share/man/man1/unxz.1.gz --slave /usr/bin/lzcat lzcat /usr/bin/xzcat --slave /usr/share/man/man1/lzcat.1.gz lzcat.1.gz /usr/share/man/man1/xzcat.1.gz --slave /usr/bin/lzmore lzmore /usr/bin/xzmore --slave /usr/share/man/man1/lzmore.1.gz lzmore.1.gz /usr/share/man/man1/xzmore.1.gz --slave /usr/bin/lzless lzless /usr/bin/xzless --slave /usr/share/man/man1/lzless.1.gz lzless.1.gz /usr/share/man/man1/xzless.1.gz --slave /usr/bin/lzdiff lzdiff /usr/bin/xzdiff --slave /usr/share/man/man1/lzdiff.1.gz lzdiff.1.gz /usr/share/man/man1/xzdiff.1.gz --slave /usr/bin/lzcmp lzcmp /usr/bin/xzcmp --slave /usr/share/man/man1/lzcmp.1.gz lzcmp.1.gz /usr/share/man/man1/xzcmp.1.gz --slave /usr/bin/lzgrep lzgrep /usr/bin/xzgrep --slave /usr/share/man/man1/lzgrep.1.gz lzgrep.1.gz /usr/share/man/man1/xzgrep.1.gz --slave /usr/bin/lzegrep lzegrep /usr/bin/xzegrep --slave /usr/share/man/man1/lzegrep.1.gz lzegrep.1.gz /usr/share/man/man1/xzegrep.1.gz --slave /usr/bin/lzfgrep lzfgrep /usr/bin/xzfgrep --slave /usr/share/man/man1/lzfgrep.1.gz lzfgrep.1.gz /usr/share/man/man1/xzfgrep.1.gz
update-alternatives 2023-05-16 10:04:07: run with --install /usr/sbin/rmt rmt /usr/sbin/rmt-tar 50 --slave /usr/share/man/man8/rmt.8.gz rmt.8.gz /usr/share/man/man8/rmt-tar.8.gz
update-alternatives 2023-05-16 10:05:28: run with --install /etc/cifs-utils/idmap-plugin idmap-plugin /usr/lib/x86_64-linux-gnu/cifs-utils/idmapwb.so 40 --slave /usr/share/man/man8/idmap-plugin.8.gz idmap-plugin.8.gz /usr/share/man/man8/idmapwb.8.gz
update-alternatives 2023-05-16 10:10:18: run with --install /usr/bin/futurize futurize /usr/bin/python3-futurize 300
update-alternatives 2023-05-16 10:10:18: run with --install /usr/bin/pasteurize pasteurize /usr/bin/python3-pasteurize 300
update-alternatives 2023-05-16 10:13:10: run with --install /usr/bin/vim vim /usr/bin/vim.basic 30
update-alternatives 2023-05-16 10:13:10: run with --install /usr/bin/vimdiff vimdiff /usr/bin/vim.basic 30
update-alternatives 2023-05-16 10:13:10: run with --install /usr/bin/rvim rvim /usr/bin/vim.basic 30
update-alternatives 2023-05-16 10:13:10: run with --install /usr/bin/rview rview /usr/bin/vim.basic 30
update-alternatives 2023-05-16 10:13:10: run with --install /usr/bin/vi vi /usr/bin/vim.basic 30 --slave /usr/share/man/da/man1/vi.1.gz vi.da.1.gz /usr/share/man/da/man1/vim.1.gz --slave /usr/share/man/de/man1/vi.1.gz vi.de.1.gz /usr/share/man/de/man1/vim.1.gz --slave /usr/share/man/fr/man1/vi.1.gz vi.fr.1.gz /usr/share/man/fr/man1/vim.1.gz --slave /usr/share/man/it/man1/vi.1.gz vi.it.1.gz /usr/share/man/it/man1/vim.1.gz --slave /usr/share/man/ja/man1/vi.1.gz vi.ja.1.gz /usr/share/man/ja/man1/vim.1.gz --slave /usr/share/man/pl/man1/vi.1.gz vi.pl.1.gz /usr/share/man/pl/man1/vim.1.gz --slave /usr/share/man/ru/man1/vi.1.gz vi.ru.1.gz /usr/share/man/ru/man1/vim.1.gz --slave /usr/share/man/man1/vi.1.gz vi.1.gz /usr/share/man/man1/vim.1.gz
update-alternatives 2023-05-16 10:13:10: run with --install /usr/bin/view view /usr/bin/vim.basic 30 --slave /usr/share/man/da/man1/view.1.gz view.da.1.gz /usr/share/man/da/man1/vim.1.gz --slave /usr/share/man/de/man1/view.1.gz view.de.1.gz /usr/share/man/de/man1/vim.1.gz --slave /usr/share/man/fr/man1/view.1.gz view.fr.1.gz /usr/share/man/fr/man1/vim.1.gz --slave /usr/share/man/it/man1/view.1.gz view.it.1.gz /usr/share/man/it/man1/vim.1.gz --slave /usr/share/man/ja/man1/view.1.gz view.ja.1.gz /usr/share/man/ja/man1/vim.1.gz --slave /usr/share/man/pl/man1/view.1.gz view.pl.1.gz /usr/share/man/pl/man1/vim.1.gz --slave /usr/share/man/ru/man1/view.1.gz view.ru.1.gz /usr/share/man/ru/man1/vim.1.gz --slave /usr/share/man/man1/view.1.gz view.1.gz /usr/share/man/man1/vim.1.gz
update-alternatives 2023-05-16 10:13:10: run with --install /usr/bin/ex ex /usr/bin/vim.basic 30 --slave /usr/share/man/da/man1/ex.1.gz ex.da.1.gz /usr/share/man/da/man1/vim.1.gz --slave /usr/share/man/de/man1/ex.1.gz ex.de.1.gz /usr/share/man/de/man1/vim.1.gz --slave /usr/share/man/fr/man1/ex.1.gz ex.fr.1.gz /usr/share/man/fr/man1/vim.1.gz --slave /usr/share/man/it/man1/ex.1.gz ex.it.1.gz /usr/share/man/it/man1/vim.1.gz --slave /usr/share/man/ja/man1/ex.1.gz ex.ja.1.gz /usr/share/man/ja/man1/vim.1.gz --slave /usr/share/man/pl/man1/ex.1.gz ex.pl.1.gz /usr/share/man/pl/man1/vim.1.gz --slave /usr/share/man/ru/man1/ex.1.gz ex.ru.1.gz /usr/share/man/ru/man1/vim.1.gz --slave /usr/share/man/man1/ex.1.gz ex.1.gz /usr/share/man/man1/vim.1.gz
update-alternatives 2023-05-16 10:13:10: run with --install /usr/bin/editor editor /usr/bin/vim.basic 30 --slave /usr/share/man/da/man1/editor.1.gz editor.da.1.gz /usr/share/man/da/man1/vim.1.gz --slave /usr/share/man/de/man1/editor.1.gz editor.de.1.gz /usr/share/man/de/man1/vim.1.gz --slave /usr/share/man/fr/man1/editor.1.gz editor.fr.1.gz /usr/share/man/fr/man1/vim.1.gz --slave /usr/share/man/it/man1/editor.1.gz editor.it.1.gz /usr/share/man/it/man1/vim.1.gz --slave /usr/share/man/ja/man1/editor.1.gz editor.ja.1.gz /usr/share/man/ja/man1/vim.1.gz --slave /usr/share/man/pl/man1/editor.1.gz editor.pl.1.gz /usr/share/man/pl/man1/vim.1.gz --slave /usr/share/man/ru/man1/editor.1.gz editor.ru.1.gz /usr/share/man/ru/man1/vim.1.gz --slave /usr/share/man/man1/editor.1.gz editor.1.gz /usr/share/man/man1/vim.1.gz
update-alternatives 2023-05-16 10:13:10: run with --install /usr/bin/rview rview /usr/bin/vim.tiny 15
update-alternatives 2023-05-16 10:13:10: run with --install /usr/bin/vi vi /usr/bin/vim.tiny 15 --slave /usr/share/man/da/man1/vi.1.gz vi.da.1.gz /usr/share/man/da/man1/vim.1.gz --slave /usr/share/man/de/man1/vi.1.gz vi.de.1.gz /usr/share/man/de/man1/vim.1.gz --slave /usr/share/man/fr/man1/vi.1.gz vi.fr.1.gz /usr/share/man/fr/man1/vim.1.gz --slave /usr/share/man/it/man1/vi.1.gz vi.it.1.gz /usr/share/man/it/man1/vim.1.gz --slave /usr/share/man/ja/man1/vi.1.gz vi.ja.1.gz /usr/share/man/ja/man1/vim.1.gz --slave /usr/share/man/pl/man1/vi.1.gz vi.pl.1.gz /usr/share/man/pl/man1/vim.1.gz --slave /usr/share/man/ru/man1/vi.1.gz vi.ru.1.gz /usr/share/man/ru/man1/vim.1.gz --slave /usr/share/man/man1/vi.1.gz vi.1.gz /usr/share/man/man1/vim.1.gz
update-alternatives 2023-05-16 10:13:10: run with --install /usr/bin/view view /usr/bin/vim.tiny 15 --slave /usr/share/man/da/man1/view.1.gz view.da.1.gz /usr/share/man/da/man1/vim.1.gz --slave /usr/share/man/de/man1/view.1.gz view.de.1.gz /usr/share/man/de/man1/vim.1.gz --slave /usr/share/man/fr/man1/view.1.gz view.fr.1.gz /usr/share/man/fr/man1/vim.1.gz --slave /usr/share/man/it/man1/view.1.gz view.it.1.gz /usr/share/man/it/man1/vim.1.gz --slave /usr/share/man/ja/man1/view.1.gz view.ja.1.gz /usr/share/man/ja/man1/vim.1.gz --slave /usr/share/man/pl/man1/view.1.gz view.pl.1.gz /usr/share/man/pl/man1/vim.1.gz --slave /usr/share/man/ru/man1/view.1.gz view.ru.1.gz /usr/share/man/ru/man1/vim.1.gz --slave /usr/share/man/man1/view.1.gz view.1.gz /usr/share/man/man1/vim.1.gz
update-alternatives 2023-05-16 10:13:10: run with --install /usr/bin/ex ex /usr/bin/vim.tiny 15 --slave /usr/share/man/da/man1/ex.1.gz ex.da.1.gz /usr/share/man/da/man1/vim.1.gz --slave /usr/share/man/de/man1/ex.1.gz ex.de.1.gz /usr/share/man/de/man1/vim.1.gz --slave /usr/share/man/fr/man1/ex.1.gz ex.fr.1.gz /usr/share/man/fr/man1/vim.1.gz --slave /usr/share/man/it/man1/ex.1.gz ex.it.1.gz /usr/share/man/it/man1/vim.1.gz --slave /usr/share/man/ja/man1/ex.1.gz ex.ja.1.gz /usr/share/man/ja/man1/vim.1.gz --slave /usr/share/man/pl/man1/ex.1.gz ex.pl.1.gz /usr/share/man/pl/man1/vim.1.gz --slave /usr/share/man/ru/man1/ex.1.gz ex.ru.1.gz /usr/share/man/ru/man1/vim.1.gz --slave /usr/share/man/man1/ex.1.gz ex.1.gz /usr/share/man/man1/vim.1.gz
update-alternatives 2023-05-16 10:13:10: run with --install /usr/bin/editor editor /usr/bin/vim.tiny 15 --slave /usr/share/man/da/man1/editor.1.gz editor.da.1.gz /usr/share/man/da/man1/vim.1.gz --slave /usr/share/man/de/man1/editor.1.gz editor.de.1.gz /usr/share/man/de/man1/vim.1.gz --slave /usr/share/man/fr/man1/editor.1.gz editor.fr.1.gz /usr/share/man/fr/man1/vim.1.gz --slave /usr/share/man/it/man1/editor.1.gz editor.it.1.gz /usr/share/man/it/man1/vim.1.gz --slave /usr/share/man/ja/man1/editor.1.gz editor.ja.1.gz /usr/share/man/ja/man1/vim.1.gz --slave /usr/share/man/pl/man1/editor.1.gz editor.pl.1.gz /usr/share/man/pl/man1/vim.1.gz --slave /usr/share/man/ru/man1/editor.1.gz editor.ru.1.gz /usr/share/man/ru/man1/vim.1.gz --slave /usr/share/man/man1/editor.1.gz editor.1.gz /usr/share/man/man1/vim.1.gz
update-alternatives 2023-05-16 10:18:02: run with --install /usr/bin/gnome-www-browser gnome-www-browser /usr/bin/firefox 40
update-alternatives 2023-05-16 10:18:02: run with --install /usr/bin/x-www-browser x-www-browser /usr/bin/firefox 40
update-alternatives 2023-05-16 10:20:05: run with --remove builtins.7.gz /usr/share/man/man7/bash-builtins.7.gz
update-alternatives 2023-05-16 10:20:05: link group builtins.7.gz fully removed
update-alternatives 2023-05-16 10:20:05: run with --install /usr/share/man/man7/builtins.7.gz builtins.7.gz /usr/share/man/man7/bash-builtins.7.gz 10
update-alternatives 2023-05-16 10:20:05: link group builtins.7.gz updated to point to /usr/share/man/man7/bash-builtins.7.gz
update-alternatives 2023-05-16 15:29:28: run with --install /usr/lib/x86_64-linux-gnu/libblas.so.3 libblas.so.3-x86_64-linux-gnu /usr/lib/x86_64-linux-gnu/blas/libblas.so.3 10
update-alternatives 2023-05-16 15:29:28: link group libblas.so.3-x86_64-linux-gnu updated to point to /usr/lib/x86_64-linux-gnu/blas/libblas.so.3
update-alternatives 2023-05-16 15:29:28: run with --install /usr/lib/x86_64-linux-gnu/liblapack.so.3 liblapack.so.3-x86_64-linux-gnu /usr/lib/x86_64-linux-gnu/lapack/liblapack.so.3 10
update-alternatives 2023-05-16 15:29:28: link group liblapack.so.3-x86_64-linux-gnu updated to point to /usr/lib/x86_64-linux-gnu/lapack/liblapack.so.3
update-alternatives 2023-05-18 09:57:55: run with --install /usr/bin/gnome-www-browser gnome-www-browser /usr/bin/firefox 40
update-alternatives 2023-05-18 09:57:55: run with --install /usr/bin/x-www-browser x-www-browser /usr/bin/firefox 40
update-alternatives 2023-05-18 13:23:11: run with --install /usr/sbin/sendmail-mta sendmail-mta /usr/lib/sm.bin/sendmail 25 --slave /usr/share/man/man8/sendmail-mta.8.gz sendmail-mta.8.gz /usr/share/man/man8/sendmail.sendmail.8.gz --slave /usr/sbin/runq runq /usr/share/sendmail/runq --slave /usr/share/man/man8/runq.8.gz runq.8.gz /usr/share/man/man8/runq.sendmail.8.gz --slave /usr/sbin/newaliases newaliases /usr/share/sendmail/newaliases --slave /usr/share/man/man8/newaliases.8.gz newaliases.8.gz /usr/share/man/man8/newaliases.sendmail.8.gz --slave /usr/bin/mailq mailq /usr/share/sendmail/mailq --slave /usr/share/man/man1/mailq.1.gz mailq.1.gz /usr/share/man/man1/mailq.sendmail.1.gz --slave /usr/share/man/man5/aliases.5.gz aliases.5.gz /usr/share/man/man5/aliases.sendmail.5.gz
update-alternatives 2023-05-18 13:23:11: link group sendmail-mta updated to point to /usr/lib/sm.bin/sendmail
update-alternatives 2023-05-18 13:23:11: run with --install /usr/sbin/sendmail-msp sendmail-msp /usr/lib/sm.bin/sendmail 25 --slave /usr/share/man/man8/sendmail-msp.8.gz sendmail-msp.8.gz /usr/share/man/man8/sendmail.sendmail.8.gz --slave /usr/sbin/sendmail sendmail /usr/lib/sm.bin/sendmail --slave /usr/lib/sendmail lib.sendmail /usr/lib/sm.bin/sendmail --slave /usr/share/man/man8/sendmail.8.gz sendmail.8.gz /usr/share/man/man8/sendmail.sendmail.8.gz
update-alternatives 2023-05-18 13:23:11: link group sendmail-msp updated to point to /usr/lib/sm.bin/sendmail
