[    29.017] 
X.Org X Server 1.20.13
X Protocol Version 11, Revision 0
[    29.017] Build Operating System: linux Ubuntu
[    29.017] Current Operating System: Linux dell-desktop 5.14.0-1032-oem #35-Ubuntu SMP Thu Mar 31 12:49:29 UTC 2022 x86_64
[    29.017] Kernel command line: BOOT_IMAGE=/boot/vmlinuz-5.14.0-1032-oem root=UUID=23294cba-2ed4-4146-824b-f32930a1372f ro quiet splash vt.handoff=7
[    29.017] Build Date: 14 December 2021  02:14:13PM
[    29.017] xorg-server 2:1.20.13-1ubuntu1~20.04.2 (For technical support please see http://www.ubuntu.com/support) 
[    29.017] Current version of pixman: 0.38.4
[    29.017] 	Before reporting problems, check http://wiki.x.org
	to make sure that you have the latest version.
[    29.018] Markers: (--) probed, (**) from config file, (==) default setting,
	(++) from command line, (!!) notice, (II) informational,
	(WW) warning, (EE) error, (NI) not implemented, (??) unknown.
[    29.018] (==) Log file: "/var/log/Xorg.0.log", Time: Mon May 15 01:02:44 2023
[    29.018] (==) Using system config directory "/usr/share/X11/xorg.conf.d"
[    29.019] (==) ServerLayout "layout"
[    29.019] (==) No screen section available. Using defaults.
[    29.019] (**) |-->Screen "Default Screen Section" (0)
[    29.019] (**) |   |-->Monitor "<default monitor>"
[    29.020] (==) No monitor specified for screen "Default Screen Section".
	Using a default monitor configuration.
[    29.020] (==) Automatically adding devices
[    29.020] (==) Automatically enabling devices
[    29.020] (==) Automatically adding GPU devices
[    29.020] (==) Automatically binding GPU devices
[    29.020] (==) Max clients allowed: 256, resource mask: 0x1fffff
[    29.021] (WW) The directory "/usr/share/fonts/X11/cyrillic" does not exist.
[    29.021] 	Entry deleted from font path.
[    29.021] (WW) The directory "/usr/share/fonts/X11/100dpi/" does not exist.
[    29.021] 	Entry deleted from font path.
[    29.021] (WW) The directory "/usr/share/fonts/X11/75dpi/" does not exist.
[    29.021] 	Entry deleted from font path.
[    29.021] (WW) The directory "/usr/share/fonts/X11/100dpi" does not exist.
[    29.021] 	Entry deleted from font path.
[    29.021] (WW) The directory "/usr/share/fonts/X11/75dpi" does not exist.
[    29.021] 	Entry deleted from font path.
[    29.021] (==) FontPath set to:
	/usr/share/fonts/X11/misc,
	/usr/share/fonts/X11/Type1,
	built-ins
[    29.021] (==) ModulePath set to "/usr/lib/xorg/modules"
[    29.021] (II) The server relies on udev to provide the list of input devices.
	If no devices become available, reconfigure udev or disable AutoAddDevices.
[    29.021] (II) Loader magic: 0x55eebc3d1020
[    29.021] (II) Module ABI versions:
[    29.021] 	X.Org ANSI C Emulation: 0.4
[    29.021] 	X.Org Video Driver: 24.1
[    29.021] 	X.Org XInput driver : 24.1
[    29.021] 	X.Org Server Extension : 10.0
[    29.022] (++) using VT number 1

[    29.022] (II) systemd-logind: logind integration requires -keeptty and -keeptty was not provided, disabling logind integration
[    29.023] (II) xfree86: Adding drm device (/dev/dri/card0)
[    29.023] (II) xfree86: Adding drm device (/dev/dri/card1)
[    29.025] (**) OutputClass "nvidia" ModulePath extended to "/usr/lib/x86_64-linux-gnu/nvidia/xorg,/usr/lib/xorg/modules"
[    29.826] (--) PCI:*(0@0:2:0) 8086:9a49:1028:0b21 rev 1, Mem @ 0x6032000000/16777216, 0x4000000000/268435456, I/O @ 0x00005000/64, BIOS @ 0x????????/131072
[    29.826] (--) PCI: (1@0:0:0) 10de:1f97:1028:0b21 rev 161, Mem @ 0x7f000000/16777216, 0x6020000000/268435456, 0x6030000000/33554432, I/O @ 0x00004000/128
[    29.834] (II) LoadModule: "glx"
[    29.841] (II) Loading /usr/lib/xorg/modules/extensions/libglx.so
[    29.843] (II) Module glx: vendor="X.Org Foundation"
[    29.843] 	compiled for 1.20.13, module version = 1.0.0
[    29.843] 	ABI class: X.Org Server Extension, version 10.0
[    29.843] (II) Applying OutputClass "nvidia" to /dev/dri/card1
[    29.843] 	loading driver: nvidia
[    29.947] (==) Matched nvidia as autoconfigured driver 0
[    29.947] (==) Matched nouveau as autoconfigured driver 1
[    29.947] (==) Matched modesetting as autoconfigured driver 2
[    29.947] (==) Matched fbdev as autoconfigured driver 3
[    29.947] (==) Matched vesa as autoconfigured driver 4
[    29.947] (==) Assigned the driver to the xf86ConfigLayout
[    29.947] (II) LoadModule: "nvidia"
[    29.947] (II) Loading /usr/lib/x86_64-linux-gnu/nvidia/xorg/nvidia_drv.so
[    29.949] (II) Module nvidia: vendor="NVIDIA Corporation"
[    29.949] 	compiled for 1.6.99.901, module version = 1.0.0
[    29.949] 	Module class: X.Org Video Driver
[    29.949] (II) LoadModule: "nouveau"
[    29.950] (II) Loading /usr/lib/xorg/modules/drivers/nouveau_drv.so
[    29.951] (II) Module nouveau: vendor="X.Org Foundation"
[    29.951] 	compiled for 1.20.3, module version = 1.0.16
[    29.951] 	Module class: X.Org Video Driver
[    29.951] 	ABI class: X.Org Video Driver, version 24.0
[    29.951] (II) LoadModule: "modesetting"
[    29.951] (II) Loading /usr/lib/xorg/modules/drivers/modesetting_drv.so
[    29.951] (II) Module modesetting: vendor="X.Org Foundation"
[    29.951] 	compiled for 1.20.13, module version = 1.20.13
[    29.951] 	Module class: X.Org Video Driver
[    29.951] 	ABI class: X.Org Video Driver, version 24.1
[    29.951] (II) LoadModule: "fbdev"
[    29.951] (II) Loading /usr/lib/xorg/modules/drivers/fbdev_drv.so
[    29.951] (II) Module fbdev: vendor="X.Org Foundation"
[    29.951] 	compiled for 1.20.1, module version = 0.5.0
[    29.951] 	Module class: X.Org Video Driver
[    29.951] 	ABI class: X.Org Video Driver, version 24.0
[    29.951] (II) LoadModule: "vesa"
[    29.951] (II) Loading /usr/lib/xorg/modules/drivers/vesa_drv.so
[    29.951] (II) Module vesa: vendor="X.Org Foundation"
[    29.951] 	compiled for 1.20.4, module version = 2.4.0
[    29.951] 	Module class: X.Org Video Driver
[    29.951] 	ABI class: X.Org Video Driver, version 24.0
[    29.951] (II) NVIDIA dlloader X Driver  510.54  Tue Feb  8 04:38:00 UTC 2022
[    29.951] (II) NVIDIA Unified Driver for all Supported NVIDIA GPUs
[    29.952] (II) NOUVEAU driver Date:   Mon Jan 28 23:25:58 2019 -0500
[    29.952] (II) NOUVEAU driver for NVIDIA chipset families :
[    29.952] 	RIVA TNT            (NV04)
[    29.952] 	RIVA TNT2           (NV05)
[    29.952] 	GeForce 256         (NV10)
[    29.952] 	GeForce 2           (NV11, NV15)
[    29.952] 	GeForce 4MX         (NV17, NV18)
[    29.952] 	GeForce 3           (NV20)
[    29.952] 	GeForce 4Ti         (NV25, NV28)
[    29.952] 	GeForce FX          (NV3x)
[    29.952] 	GeForce 6           (NV4x)
[    29.952] 	GeForce 7           (G7x)
[    29.952] 	GeForce 8           (G8x)
[    29.952] 	GeForce 9           (G9x)
[    29.952] 	GeForce GTX 2xx/3xx (GT2xx)
[    29.952] 	GeForce GTX 4xx/5xx (GFxxx)
[    29.952] 	GeForce GTX 6xx/7xx (GKxxx)
[    29.952] 	GeForce GTX 9xx     (GMxxx)
[    29.952] 	GeForce GTX 10xx    (GPxxx)
[    29.952] (II) modesetting: Driver for Modesetting Kernel Drivers: kms
[    29.952] (II) FBDEV: driver for framebuffer: fbdev
[    29.952] (II) VESA: driver for VESA chipsets: vesa
[    29.952] (II) modeset(0): using drv /dev/dri/card0
[    29.952] (WW) Falling back to old probe method for fbdev
[    29.952] (II) Loading sub module "fbdevhw"
[    29.952] (II) LoadModule: "fbdevhw"
[    29.952] (II) Loading /usr/lib/xorg/modules/libfbdevhw.so
[    29.952] (II) Module fbdevhw: vendor="X.Org Foundation"
[    29.952] 	compiled for 1.20.13, module version = 0.0.2
[    29.952] 	ABI class: X.Org Video Driver, version 24.1
[    29.952] (II) Loading sub module "fb"
[    29.952] (II) LoadModule: "fb"
[    29.952] (II) Loading /usr/lib/xorg/modules/libfb.so
[    29.953] (II) Module fb: vendor="X.Org Foundation"
[    29.953] 	compiled for 1.20.13, module version = 1.0.0
[    29.953] 	ABI class: X.Org ANSI C Emulation, version 0.4
[    29.953] (II) Loading sub module "wfb"
[    29.953] (II) LoadModule: "wfb"
[    29.953] (II) Loading /usr/lib/xorg/modules/libwfb.so
[    29.953] (II) Module wfb: vendor="X.Org Foundation"
[    29.953] 	compiled for 1.20.13, module version = 1.0.0
[    29.953] 	ABI class: X.Org ANSI C Emulation, version 0.4
[    29.953] (II) Loading sub module "ramdac"
[    29.953] (II) LoadModule: "ramdac"
[    29.953] (II) Module "ramdac" already built-in
[    29.954] (II) modeset(0): Creating default Display subsection in Screen section
	"Default Screen Section" for depth/fbbpp 24/32
[    29.954] (==) modeset(0): Depth 24, (==) framebuffer bpp 32
[    29.954] (==) modeset(0): RGB weight 888
[    29.954] (==) modeset(0): Default visual is TrueColor
[    29.954] (II) Loading sub module "glamoregl"
[    29.954] (II) LoadModule: "glamoregl"
[    29.954] (II) Loading /usr/lib/xorg/modules/libglamoregl.so
[    29.958] (II) Module glamoregl: vendor="X.Org Foundation"
[    29.958] 	compiled for 1.20.13, module version = 1.0.1
[    29.958] 	ABI class: X.Org ANSI C Emulation, version 0.4
[    30.061] (II) modeset(0): glamor X acceleration enabled on Mesa Intel(R) Xe Graphics (TGL GT2)
[    30.061] (II) modeset(0): glamor initialized
[    30.064] (II) modeset(0): Output eDP-1 has no monitor section
[    30.064] (II) modeset(0): Output HDMI-1 has no monitor section
[    30.073] (II) modeset(0): Output DP-1 has no monitor section
[    30.073] (II) modeset(0): Output DP-2 has no monitor section
[    30.076] (II) modeset(0): EDID for output eDP-1
[    30.077] (II) modeset(0): Manufacturer: BOE  Model: a89  Serial#: 0
[    30.077] (II) modeset(0): Year: 2020  Week: 17
[    30.077] (II) modeset(0): EDID Version: 1.4
[    30.077] (II) modeset(0): Digital Display Input
[    30.077] (II) modeset(0): 6 bits per channel
[    30.077] (II) modeset(0): Digital interface is DisplayPort
[    30.077] (II) modeset(0): Max Image Size [cm]: horiz.: 34  vert.: 19
[    30.077] (II) modeset(0): Gamma: 2.20
[    30.077] (II) modeset(0): No DPMS capabilities specified
[    30.077] (II) modeset(0): Supported color encodings: RGB 4:4:4 
[    30.077] (II) modeset(0): First detailed timing is preferred mode
[    30.077] (II) modeset(0): Preferred mode is native pixel format and refresh rate
[    30.077] (II) modeset(0): redX: 0.596 redY: 0.366   greenX: 0.348 greenY: 0.558
[    30.077] (II) modeset(0): blueX: 0.157 blueY: 0.112   whiteX: 0.312 whiteY: 0.328
[    30.077] (II) modeset(0): Manufacturer's mask: 0
[    30.077] (II) modeset(0): Supported detailed timing:
[    30.077] (II) modeset(0): clock: 138.7 MHz   Image Size:  344 x 194 mm
[    30.077] (II) modeset(0): h_active: 1920  h_sync: 1968  h_sync_end 2000 h_blank_end 2080 h_border: 0
[    30.077] (II) modeset(0): v_active: 1080  v_sync: 1083  v_sync_end 1088 v_blanking: 1111 v_border: 0
[    30.077] (II) modeset(0): Supported detailed timing:
[    30.077] (II) modeset(0): clock: 110.9 MHz   Image Size:  344 x 194 mm
[    30.077] (II) modeset(0): h_active: 1920  h_sync: 1968  h_sync_end 2000 h_blank_end 2080 h_border: 0
[    30.077] (II) modeset(0): v_active: 1080  v_sync: 1083  v_sync_end 1088 v_blanking: 1111 v_border: 0
[    30.077] (II) modeset(0):  000TN€NE156FH
[    30.077] (II) modeset(0): Unknown vendor-specific block 0
[    30.077] (II) modeset(0): EDID (in hex):
[    30.077] (II) modeset(0): 	00ffffffffffff0009e5890a00000000
[    30.077] (II) modeset(0): 	111e01049522137802b370985d598e28
[    30.077] (II) modeset(0): 	1c505400000001010101010101010101
[    30.077] (II) modeset(0): 	010101010101293680a070381f403020
[    30.077] (II) modeset(0): 	350058c21000001a522b80a070381f40
[    30.077] (II) modeset(0): 	3020350058c21000001a000000fe0030
[    30.077] (II) modeset(0): 	3030544e804e45313536464800000000
[    30.077] (II) modeset(0): 	0000412196001000000a010a20200090
[    30.077] (II) modeset(0): Printing probed modes for output eDP-1
[    30.077] (II) modeset(0): Modeline "1920x1080"x60.0  138.65  1920 1968 2000 2080  1080 1083 1088 1111 +hsync -vsync (66.7 kHz eP)
[    30.077] (II) modeset(0): Modeline "1920x1080"x119.9  266.50  1920 1944 1960 2000  1080 1081 1084 1111 doublescan +hsync -vsync (133.2 kHz d)
[    30.077] (II) modeset(0): Modeline "1920x1080"x60.0  173.00  1920 2048 2248 2576  1080 1083 1088 1120 -hsync +vsync (67.2 kHz d)
[    30.077] (II) modeset(0): Modeline "1920x1080"x59.9  138.50  1920 1968 2000 2080  1080 1083 1088 1111 +hsync -vsync (66.6 kHz d)
[    30.077] (II) modeset(0): Modeline "1920x1080"x48.0  110.90  1920 1968 2000 2080  1080 1083 1088 1111 +hsync -vsync (53.3 kHz e)
[    30.077] (II) modeset(0): Modeline "1680x1050"x60.0  146.25  1680 1784 1960 2240  1050 1053 1059 1089 -hsync +vsync (65.3 kHz d)
[    30.077] (II) modeset(0): Modeline "1680x1050"x59.9  119.00  1680 1728 1760 1840  1050 1053 1059 1080 +hsync -vsync (64.7 kHz d)
[    30.077] (II) modeset(0): Modeline "1600x1024"x60.2  103.12  1600 1600 1656 1664  1024 1024 1029 1030 +hsync +vsync (62.0 kHz d)
[    30.077] (II) modeset(0): Modeline "1400x1050"x60.0  122.00  1400 1488 1640 1880  1050 1052 1064 1082 +hsync +vsync (64.9 kHz d)
[    30.077] (II) modeset(0): Modeline "1600x900"x120.0  246.00  1600 1728 1900 2200  900 901 904 932 doublescan -hsync +vsync (111.8 kHz d)
[    30.077] (II) modeset(0): Modeline "1600x900"x119.9  186.50  1600 1624 1640 1680  900 901 904 926 doublescan +hsync -vsync (111.0 kHz d)
[    30.077] (II) modeset(0): Modeline "1600x900"x59.9  118.25  1600 1696 1856 2112  900 903 908 934 -hsync +vsync (56.0 kHz d)
[    30.077] (II) modeset(0): Modeline "1600x900"x59.8   97.50  1600 1648 1680 1760  900 903 908 926 +hsync -vsync (55.4 kHz d)
[    30.077] (II) modeset(0): Modeline "1280x1024"x60.0  108.00  1280 1328 1440 1688  1024 1025 1028 1066 +hsync +vsync (64.0 kHz d)
[    30.077] (II) modeset(0): Modeline "1440x900"x59.9  106.50  1440 1520 1672 1904  900 903 909 934 -hsync +vsync (55.9 kHz d)
[    30.077] (II) modeset(0): Modeline "1400x900"x60.0  103.50  1400 1480 1624 1848  900 903 913 934 -hsync +vsync (56.0 kHz d)
[    30.077] (II) modeset(0): Modeline "1400x900"x59.9   86.50  1400 1448 1480 1560  900 903 913 926 +hsync -vsync (55.4 kHz d)
[    30.077] (II) modeset(0): Modeline "1280x960"x60.0  108.00  1280 1376 1488 1800  960 961 964 1000 +hsync +vsync (60.0 kHz d)
[    30.077] (II) modeset(0): Modeline "1440x810"x120.0  198.12  1440 1548 1704 1968  810 811 814 839 doublescan -hsync +vsync (100.7 kHz d)
[    30.077] (II) modeset(0): Modeline "1440x810"x119.9  151.88  1440 1464 1480 1520  810 811 814 833 doublescan +hsync -vsync (99.9 kHz d)
[    30.077] (II) modeset(0): Modeline "1368x768"x59.9   85.25  1368 1440 1576 1784  768 771 781 798 -hsync +vsync (47.8 kHz d)
[    30.077] (II) modeset(0): Modeline "1368x768"x59.9   72.25  1368 1416 1448 1528  768 771 781 790 +hsync -vsync (47.3 kHz d)
[    30.077] (II) modeset(0): Modeline "1360x768"x59.8   84.75  1360 1432 1568 1776  768 771 781 798 -hsync +vsync (47.7 kHz d)
[    30.077] (II) modeset(0): Modeline "1360x768"x60.0   72.00  1360 1408 1440 1520  768 771 781 790 +hsync -vsync (47.4 kHz d)
[    30.077] (II) modeset(0): Modeline "1280x800"x120.0  174.25  1280 1380 1516 1752  800 801 804 829 doublescan -hsync +vsync (99.5 kHz d)
[    30.077] (II) modeset(0): Modeline "1280x800"x119.9  134.25  1280 1304 1320 1360  800 801 804 823 doublescan +hsync -vsync (98.7 kHz d)
[    30.077] (II) modeset(0): Modeline "1280x800"x59.8   83.50  1280 1352 1480 1680  800 803 809 831 -hsync +vsync (49.7 kHz d)
[    30.077] (II) modeset(0): Modeline "1280x800"x59.9   71.00  1280 1328 1360 1440  800 803 809 823 +hsync -vsync (49.3 kHz d)
[    30.077] (II) modeset(0): Modeline "1152x864"x60.0   81.62  1152 1216 1336 1520  864 865 868 895 -hsync +vsync (53.7 kHz d)
[    30.077] (II) modeset(0): Modeline "1280x720"x120.0  156.12  1280 1376 1512 1744  720 721 724 746 doublescan -hsync +vsync (89.5 kHz d)
[    30.077] (II) modeset(0): Modeline "1280x720"x120.0  120.75  1280 1304 1320 1360  720 721 724 740 doublescan +hsync -vsync (88.8 kHz d)
[    30.077] (II) modeset(0): Modeline "1280x720"x59.9   74.50  1280 1344 1472 1664  720 723 728 748 -hsync +vsync (44.8 kHz d)
[    30.077] (II) modeset(0): Modeline "1280x720"x59.7   63.75  1280 1328 1360 1440  720 723 728 741 +hsync -vsync (44.3 kHz d)
[    30.077] (II) modeset(0): Modeline "1024x768"x120.1  133.47  1024 1100 1212 1400  768 768 770 794 doublescan -hsync +vsync (95.3 kHz d)
[    30.077] (II) modeset(0): Modeline "1024x768"x60.0   65.00  1024 1048 1184 1344  768 771 777 806 -hsync -vsync (48.4 kHz d)
[    30.078] (II) modeset(0): Modeline "960x720"x120.0  117.00  960 1024 1128 1300  720 720 722 750 doublescan -hsync +vsync (90.0 kHz d)
[    30.078] (II) modeset(0): Modeline "928x696"x120.1  109.15  928 976 1088 1264  696 696 698 719 doublescan -hsync +vsync (86.4 kHz d)
[    30.078] (II) modeset(0): Modeline "896x672"x120.0  102.40  896 960 1060 1224  672 672 674 697 doublescan -hsync +vsync (83.7 kHz d)
[    30.078] (II) modeset(0): Modeline "1024x576"x119.9   98.50  1024 1092 1200 1376  576 577 580 597 doublescan -hsync +vsync (71.6 kHz d)
[    30.078] (II) modeset(0): Modeline "1024x576"x119.9   78.38  1024 1048 1064 1104  576 577 580 592 doublescan +hsync -vsync (71.0 kHz d)
[    30.078] (II) modeset(0): Modeline "1024x576"x59.9   46.50  1024 1064 1160 1296  576 579 584 599 -hsync +vsync (35.9 kHz d)
[    30.078] (II) modeset(0): Modeline "1024x576"x59.8   42.00  1024 1072 1104 1184  576 579 584 593 +hsync -vsync (35.5 kHz d)
[    30.078] (II) modeset(0): Modeline "960x600"x119.9   96.62  960 1028 1128 1296  600 601 604 622 doublescan -hsync +vsync (74.6 kHz d)
[    30.078] (II) modeset(0): Modeline "960x600"x120.0   77.00  960 984 1000 1040  600 601 604 617 doublescan +hsync -vsync (74.0 kHz d)
[    30.078] (II) modeset(0): Modeline "960x540"x119.9   86.50  960 1024 1124 1288  540 541 544 560 doublescan -hsync +vsync (67.2 kHz d)
[    30.078] (II) modeset(0): Modeline "960x540"x120.0   69.25  960 984 1000 1040  540 541 544 555 doublescan +hsync -vsync (66.6 kHz d)
[    30.078] (II) modeset(0): Modeline "960x540"x59.6   40.75  960 992 1088 1216  540 543 548 562 -hsync +vsync (33.5 kHz d)
[    30.078] (II) modeset(0): Modeline "960x540"x59.8   37.25  960 1008 1040 1120  540 543 548 556 +hsync -vsync (33.3 kHz d)
[    30.078] (II) modeset(0): Modeline "800x600"x120.0   81.00  800 832 928 1080  600 600 602 625 doublescan +hsync +vsync (75.0 kHz d)
[    30.078] (II) modeset(0): Modeline "800x600"x60.3   40.00  800 840 968 1056  600 601 605 628 +hsync +vsync (37.9 kHz d)
[    30.078] (II) modeset(0): Modeline "800x600"x56.2   36.00  800 824 896 1024  600 601 603 625 +hsync +vsync (35.2 kHz d)
[    30.078] (II) modeset(0): Modeline "840x525"x120.0   73.12  840 892 980 1120  525 526 529 544 doublescan -hsync +vsync (65.3 kHz d)
[    30.078] (II) modeset(0): Modeline "840x525"x119.8   59.50  840 864 880 920  525 526 529 540 doublescan +hsync -vsync (64.7 kHz d)
[    30.078] (II) modeset(0): Modeline "864x486"x59.9   32.50  864 888 968 1072  486 489 494 506 -hsync +vsync (30.3 kHz d)
[    30.078] (II) modeset(0): Modeline "864x486"x59.6   30.50  864 912 944 1024  486 489 494 500 +hsync -vsync (29.8 kHz d)
[    30.078] (II) modeset(0): Modeline "800x512"x120.3   51.56  800 800 828 832  512 512 514 515 doublescan +hsync +vsync (62.0 kHz d)
[    30.078] (II) modeset(0): Modeline "700x525"x120.0   61.00  700 744 820 940  525 526 532 541 doublescan +hsync +vsync (64.9 kHz d)
[    30.078] (II) modeset(0): Modeline "800x450"x119.9   59.12  800 848 928 1056  450 451 454 467 doublescan -hsync +vsync (56.0 kHz d)
[    30.078] (II) modeset(0): Modeline "800x450"x119.6   48.75  800 824 840 880  450 451 454 463 doublescan +hsync -vsync (55.4 kHz d)
[    30.078] (II) modeset(0): Modeline "640x512"x120.0   54.00  640 664 720 844  512 512 514 533 doublescan +hsync +vsync (64.0 kHz d)
[    30.078] (II) modeset(0): Modeline "720x450"x119.8   53.25  720 760 836 952  450 451 454 467 doublescan -hsync +vsync (55.9 kHz d)
[    30.078] (II) modeset(0): Modeline "700x450"x119.9   51.75  700 740 812 924  450 451 456 467 doublescan -hsync +vsync (56.0 kHz d)
[    30.078] (II) modeset(0): Modeline "700x450"x119.8   43.25  700 724 740 780  450 451 456 463 doublescan +hsync -vsync (55.4 kHz d)
[    30.078] (II) modeset(0): Modeline "640x480"x120.0   54.00  640 688 744 900  480 480 482 500 doublescan +hsync +vsync (60.0 kHz d)
[    30.078] (II) modeset(0): Modeline "640x480"x59.9   25.18  640 656 752 800  480 490 492 525 -hsync -vsync (31.5 kHz d)
[    30.078] (II) modeset(0): Modeline "720x405"x59.5   22.50  720 744 808 896  405 408 413 422 -hsync +vsync (25.1 kHz d)
[    30.078] (II) modeset(0): Modeline "720x405"x59.0   21.75  720 768 800 880  405 408 413 419 +hsync -vsync (24.7 kHz d)
[    30.078] (II) modeset(0): Modeline "684x384"x119.8   42.62  684 720 788 892  384 385 390 399 doublescan -hsync +vsync (47.8 kHz d)
[    30.078] (II) modeset(0): Modeline "684x384"x119.7   36.12  684 708 724 764  384 385 390 395 doublescan +hsync -vsync (47.3 kHz d)
[    30.078] (II) modeset(0): Modeline "680x384"x119.6   42.38  680 716 784 888  384 385 390 399 doublescan -hsync +vsync (47.7 kHz d)
[    30.078] (II) modeset(0): Modeline "680x384"x119.9   36.00  680 704 720 760  384 385 390 395 doublescan +hsync -vsync (47.4 kHz d)
[    30.078] (II) modeset(0): Modeline "640x400"x119.8   41.75  640 676 740 840  400 401 404 415 doublescan -hsync +vsync (49.7 kHz d)
[    30.078] (II) modeset(0): Modeline "640x400"x120.0   35.50  640 664 680 720  400 401 404 411 doublescan +hsync -vsync (49.3 kHz d)
[    30.078] (II) modeset(0): Modeline "576x432"x120.1   40.81  576 608 668 760  432 432 434 447 doublescan -hsync +vsync (53.7 kHz d)
[    30.078] (II) modeset(0): Modeline "640x360"x119.7   37.25  640 672 736 832  360 361 364 374 doublescan -hsync +vsync (44.8 kHz d)
[    30.078] (II) modeset(0): Modeline "640x360"x119.7   31.88  640 664 680 720  360 361 364 370 doublescan +hsync -vsync (44.3 kHz d)
[    30.078] (II) modeset(0): Modeline "640x360"x59.8   18.00  640 664 720 800  360 363 368 376 -hsync +vsync (22.5 kHz d)
[    30.078] (II) modeset(0): Modeline "640x360"x59.3   17.75  640 688 720 800  360 363 368 374 +hsync -vsync (22.2 kHz d)
[    30.078] (II) modeset(0): Modeline "512x384"x120.0   32.50  512 524 592 672  384 385 388 403 doublescan -hsync -vsync (48.4 kHz d)
[    30.078] (II) modeset(0): Modeline "512x288"x120.0   23.25  512 532 580 648  288 289 292 299 doublescan -hsync +vsync (35.9 kHz d)
[    30.078] (II) modeset(0): Modeline "512x288"x119.8   21.00  512 536 552 592  288 289 292 296 doublescan +hsync -vsync (35.5 kHz d)
[    30.078] (II) modeset(0): Modeline "480x270"x119.3   20.38  480 496 544 608  270 271 274 281 doublescan -hsync +vsync (33.5 kHz d)
[    30.078] (II) modeset(0): Modeline "480x270"x119.6   18.62  480 504 520 560  270 271 274 278 doublescan +hsync -vsync (33.3 kHz d)
[    30.078] (II) modeset(0): Modeline "400x300"x120.6   20.00  400 420 484 528  300 300 302 314 doublescan +hsync +vsync (37.9 kHz d)
[    30.078] (II) modeset(0): Modeline "400x300"x112.7   18.00  400 412 448 512  300 300 301 312 doublescan +hsync +vsync (35.2 kHz d)
[    30.078] (II) modeset(0): Modeline "432x243"x119.8   16.25  432 444 484 536  243 244 247 253 doublescan -hsync +vsync (30.3 kHz d)
[    30.078] (II) modeset(0): Modeline "432x243"x119.1   15.25  432 456 472 512  243 244 247 250 doublescan +hsync -vsync (29.8 kHz d)
[    30.078] (II) modeset(0): Modeline "320x240"x120.1   12.59  320 328 376 400  240 245 246 262 doublescan -hsync -vsync (31.5 kHz d)
[    30.078] (II) modeset(0): Modeline "360x202"x119.0   11.25  360 372 404 448  202 204 206 211 doublescan -hsync +vsync (25.1 kHz d)
[    30.078] (II) modeset(0): Modeline "360x202"x118.3   10.88  360 384 400 440  202 204 206 209 doublescan +hsync -vsync (24.7 kHz d)
[    30.078] (II) modeset(0): Modeline "320x180"x119.7    9.00  320 332 360 400  180 181 184 188 doublescan -hsync +vsync (22.5 kHz d)
[    30.078] (II) modeset(0): Modeline "320x180"x118.6    8.88  320 344 360 400  180 181 184 187 doublescan +hsync -vsync (22.2 kHz d)
[    30.078] (II) modeset(0): EDID for output HDMI-1
[    30.078] (II) modeset(0): EDID for output DP-1
[    30.078] (II) modeset(0): EDID for output DP-2
[    30.078] (II) modeset(0): Output eDP-1 connected
[    30.078] (II) modeset(0): Output HDMI-1 disconnected
[    30.078] (II) modeset(0): Output DP-1 disconnected
[    30.078] (II) modeset(0): Output DP-2 disconnected
[    30.078] (II) modeset(0): Using exact sizes for initial modes
[    30.078] (II) modeset(0): Output eDP-1 using initial mode 1920x1080 +0+0
[    30.078] (==) modeset(0): Using gamma correction (1.0, 1.0, 1.0)
[    30.078] (==) modeset(0): DPI set to (96, 96)
[    30.078] (II) Loading sub module "fb"
[    30.078] (II) LoadModule: "fb"
[    30.079] (II) Loading /usr/lib/xorg/modules/libfb.so
[    30.079] (II) Module fb: vendor="X.Org Foundation"
[    30.079] 	compiled for 1.20.13, module version = 1.0.0
[    30.079] 	ABI class: X.Org ANSI C Emulation, version 0.4
[    30.079] (==) NVIDIA(G0): Depth 24, (==) framebuffer bpp 32
[    30.079] (==) NVIDIA(G0): RGB weight 888
[    30.079] (==) NVIDIA(G0): Default visual is TrueColor
[    30.079] (==) NVIDIA(G0): Using gamma correction (1.0, 1.0, 1.0)
[    30.079] (**) Option "AllowNVIDIAGpuScreens"
[    30.079] (II) Applying OutputClass "nvidia" options to /dev/dri/card1
[    30.079] (**) NVIDIA(G0): Option "AllowEmptyInitialConfiguration"
[    30.079] (**) NVIDIA(G0): Enabling 2D acceleration
[    30.079] (II) Loading sub module "glxserver_nvidia"
[    30.079] (II) LoadModule: "glxserver_nvidia"
[    30.079] (II) Loading /usr/lib/x86_64-linux-gnu/nvidia/xorg/libglxserver_nvidia.so
[    30.101] (II) Module glxserver_nvidia: vendor="NVIDIA Corporation"
[    30.101] 	compiled for 1.6.99.901, module version = 1.0.0
[    30.101] 	Module class: X.Org Server Extension
[    30.101] (II) NVIDIA GLX Module  510.54  Tue Feb  8 04:36:31 UTC 2022
[    30.101] (II) NVIDIA: The X server supports PRIME Render Offload.
[    30.103] (II) NVIDIA(G0): NVIDIA GPU NVIDIA GeForce MX450 (TU117-A) at PCI:1:0:0
[    30.103] (II) NVIDIA(G0):     (GPU-0)
[    30.103] (--) NVIDIA(G0): Memory: 2097152 kBytes
[    30.103] (--) NVIDIA(G0): VideoBIOS: 90.17.61.00.9e
[    30.103] (II) NVIDIA(G0): Detected PCI Express Link width: 16X
[    30.103] (II) NVIDIA(G0): Validated MetaModes:
[    30.103] (II) NVIDIA(G0):     "NULL"
[    30.103] (II) NVIDIA(G0): Virtual screen size determined to be 640 x 480
[    30.103] (WW) NVIDIA(G0): Unable to get display device for DPI computation.
[    30.103] (==) NVIDIA(G0): DPI set to (75, 75); computed from built-in default
[    30.103] (II) UnloadModule: "nouveau"
[    30.103] (II) Unloading nouveau
[    30.103] (II) UnloadModule: "fbdev"
[    30.103] (II) Unloading fbdev
[    30.104] (II) UnloadSubModule: "fbdevhw"
[    30.104] (II) Unloading fbdevhw
[    30.104] (II) UnloadModule: "vesa"
[    30.104] (II) Unloading vesa
[    30.183] (==) modeset(0): Backing store enabled
[    30.183] (==) modeset(0): Silken mouse enabled
[    30.265] (II) modeset(0): Initializing kms color map for depth 24, 8 bpc.
[    30.265] (==) modeset(0): DPMS enabled
[    30.265] (II) modeset(0): [DRI2] Setup complete
[    30.265] (II) modeset(0): [DRI2]   DRI driver: iris
[    30.265] (II) modeset(0): [DRI2]   VDPAU driver: va_gl
[    30.266] (II) NVIDIA: Reserving 24576.00 MB of virtual memory for indirect memory
[    30.266] (II) NVIDIA:     access.
[    30.315] (II) NVIDIA(G0): Setting mode "NULL"
[    30.320] (==) NVIDIA(G0): Disabling shared memory pixmaps
[    30.320] (==) NVIDIA(G0): Backing store enabled
[    30.320] (==) NVIDIA(G0): Silken mouse enabled
[    30.320] (==) NVIDIA(G0): DPMS enabled
[    30.320] (II) Loading sub module "dri2"
[    30.320] (II) LoadModule: "dri2"
[    30.320] (II) Module "dri2" already built-in
[    30.320] (II) NVIDIA(G0): [DRI2] Setup complete
[    30.320] (II) NVIDIA(G0): [DRI2]   VDPAU driver: nvidia
[    30.320] (II) Initializing extension Generic Event Extension
[    30.320] (II) Initializing extension SHAPE
[    30.321] (II) Initializing extension MIT-SHM
[    30.321] (II) Initializing extension XInputExtension
[    30.321] (II) Initializing extension XTEST
[    30.321] (II) Initializing extension BIG-REQUESTS
[    30.321] (II) Initializing extension SYNC
[    30.322] (II) Initializing extension XKEYBOARD
[    30.322] (II) Initializing extension XC-MISC
[    30.322] (II) Initializing extension SECURITY
[    30.322] (II) Initializing extension XFIXES
[    30.322] (II) Initializing extension RENDER
[    30.322] (II) Initializing extension RANDR
[    30.323] (II) Initializing extension COMPOSITE
[    30.323] (II) Initializing extension DAMAGE
[    30.323] (II) Initializing extension MIT-SCREEN-SAVER
[    30.323] (II) Initializing extension DOUBLE-BUFFER
[    30.323] (II) Initializing extension RECORD
[    30.323] (II) Initializing extension DPMS
[    30.323] (II) Initializing extension Present
[    30.324] (II) Initializing extension DRI3
[    30.324] (II) Initializing extension X-Resource
[    30.324] (II) Initializing extension XVideo
[    30.324] (II) Initializing extension XVideo-MotionCompensation
[    30.324] (II) Initializing extension SELinux
[    30.324] (II) SELinux: Disabled on system
[    30.324] (II) Initializing extension GLX
[    30.324] (II) Initializing extension GLX
[    30.324] (II) Indirect GLX disabled.
[    30.331] (II) AIGLX: Loaded and initialized iris
[    30.331] (II) GLX: Initialized DRI2 GL provider for screen 0
[    30.331] (II) Initializing extension XFree86-VidModeExtension
[    30.331] (II) Initializing extension XFree86-DGA
[    30.331] (II) Initializing extension XFree86-DRI
[    30.331] (II) Initializing extension DRI2
[    30.332] (II) Initializing extension NV-GLX
[    30.332] (II) Initializing extension NV-CONTROL
[    30.332] (II) modeset(0): Damage tracking initialized
[    30.332] (II) modeset(0): Setting screen physical size to 508 x 285
[    30.381] (II) config/udev: Adding input device Video Bus (/dev/input/event7)
[    30.381] (**) Video Bus: Applying InputClass "libinput keyboard catchall"
[    30.381] (II) LoadModule: "libinput"
[    30.381] (II) Loading /usr/lib/xorg/modules/input/libinput_drv.so
[    30.383] (II) Module libinput: vendor="X.Org Foundation"
[    30.383] 	compiled for 1.20.4, module version = 0.29.0
[    30.383] 	Module class: X.Org XInput Driver
[    30.383] 	ABI class: X.Org XInput driver, version 24.1
[    30.383] (II) Using input driver 'libinput' for 'Video Bus'
[    30.383] (**) Video Bus: always reports core events
[    30.383] (**) Option "Device" "/dev/input/event7"
[    30.384] (**) Option "_source" "server/udev"
[    30.387] (II) event7  - Video Bus: is tagged by udev as: Keyboard
[    30.387] (II) event7  - Video Bus: device is a keyboard
[    30.387] (II) event7  - Video Bus: device removed
[    30.413] (**) Option "config_info" "udev:/sys/devices/LNXSYSTM:00/LNXSYBUS:00/PNP0A08:00/LNXVIDEO:01/input/input10/event7"
[    30.413] (II) XINPUT: Adding extended input device "Video Bus" (type: KEYBOARD, id 6)
[    30.413] (**) Option "xkb_model" "pc105"
[    30.413] (**) Option "xkb_layout" "us"
[    30.415] (II) event7  - Video Bus: is tagged by udev as: Keyboard
[    30.415] (II) event7  - Video Bus: device is a keyboard
[    30.416] (II) config/udev: Adding input device Video Bus (/dev/input/event6)
[    30.416] (**) Video Bus: Applying InputClass "libinput keyboard catchall"
[    30.416] (II) Using input driver 'libinput' for 'Video Bus'
[    30.416] (**) Video Bus: always reports core events
[    30.416] (**) Option "Device" "/dev/input/event6"
[    30.416] (**) Option "_source" "server/udev"
[    30.417] (II) event6  - Video Bus: is tagged by udev as: Keyboard
[    30.417] (II) event6  - Video Bus: device is a keyboard
[    30.417] (II) event6  - Video Bus: device removed
[    30.437] (**) Option "config_info" "udev:/sys/devices/LNXSYSTM:00/LNXSYBUS:00/PNP0A08:00/device:00/LNXVIDEO:00/input/input9/event6"
[    30.437] (II) XINPUT: Adding extended input device "Video Bus" (type: KEYBOARD, id 7)
[    30.437] (**) Option "xkb_model" "pc105"
[    30.437] (**) Option "xkb_layout" "us"
[    30.439] (II) event6  - Video Bus: is tagged by udev as: Keyboard
[    30.439] (II) event6  - Video Bus: device is a keyboard
[    30.440] (II) config/udev: Adding input device Power Button (/dev/input/event1)
[    30.440] (**) Power Button: Applying InputClass "libinput keyboard catchall"
[    30.440] (II) Using input driver 'libinput' for 'Power Button'
[    30.440] (**) Power Button: always reports core events
[    30.440] (**) Option "Device" "/dev/input/event1"
[    30.440] (**) Option "_source" "server/udev"
[    30.441] (II) event1  - Power Button: is tagged by udev as: Keyboard
[    30.441] (II) event1  - Power Button: device is a keyboard
[    30.441] (II) event1  - Power Button: device removed
[    30.461] (**) Option "config_info" "udev:/sys/devices/LNXSYSTM:00/LNXSYBUS:00/PNP0C0C:00/input/input1/event1"
[    30.461] (II) XINPUT: Adding extended input device "Power Button" (type: KEYBOARD, id 8)
[    30.461] (**) Option "xkb_model" "pc105"
[    30.461] (**) Option "xkb_layout" "us"
[    30.463] (II) event1  - Power Button: is tagged by udev as: Keyboard
[    30.463] (II) event1  - Power Button: device is a keyboard
[    30.464] (II) config/udev: Adding input device Lid Switch (/dev/input/event0)
[    30.464] (II) No input driver specified, ignoring this device.
[    30.464] (II) This device may have been added with another device file.
[    30.464] (II) config/udev: Adding input device Sleep Button (/dev/input/event2)
[    30.464] (**) Sleep Button: Applying InputClass "libinput keyboard catchall"
[    30.464] (II) Using input driver 'libinput' for 'Sleep Button'
[    30.464] (**) Sleep Button: always reports core events
[    30.464] (**) Option "Device" "/dev/input/event2"
[    30.464] (**) Option "_source" "server/udev"
[    30.465] (II) event2  - Sleep Button: is tagged by udev as: Keyboard
[    30.465] (II) event2  - Sleep Button: device is a keyboard
[    30.466] (II) event2  - Sleep Button: device removed
[    30.485] (**) Option "config_info" "udev:/sys/devices/LNXSYSTM:00/LNXSYBUS:00/PNP0C0E:00/input/input2/event2"
[    30.485] (II) XINPUT: Adding extended input device "Sleep Button" (type: KEYBOARD, id 9)
[    30.485] (**) Option "xkb_model" "pc105"
[    30.485] (**) Option "xkb_layout" "us"
[    30.487] (II) event2  - Sleep Button: is tagged by udev as: Keyboard
[    30.487] (II) event2  - Sleep Button: device is a keyboard
[    30.489] (II) config/udev: Adding input device Dell Dell Universal Receiver (/dev/input/event8)
[    30.489] (**) Dell Dell Universal Receiver: Applying InputClass "libinput keyboard catchall"
[    30.489] (II) Using input driver 'libinput' for 'Dell Dell Universal Receiver'
[    30.489] (**) Dell Dell Universal Receiver: always reports core events
[    30.489] (**) Option "Device" "/dev/input/event8"
[    30.489] (**) Option "_source" "server/udev"
[    30.491] (II) event8  - Dell Dell Universal Receiver: is tagged by udev as: Keyboard
[    30.491] (II) event8  - Dell Dell Universal Receiver: device is a keyboard
[    30.491] (II) event8  - Dell Dell Universal Receiver: device removed
[    30.509] (**) Option "config_info" "udev:/sys/devices/pci0000:00/0000:00:14.0/usb3/3-1/3-1:1.0/0003:413C:301B.0002/input/input11/event8"
[    30.509] (II) XINPUT: Adding extended input device "Dell Dell Universal Receiver" (type: KEYBOARD, id 10)
[    30.509] (**) Option "xkb_model" "pc105"
[    30.509] (**) Option "xkb_layout" "us"
[    30.512] (II) event8  - Dell Dell Universal Receiver: is tagged by udev as: Keyboard
[    30.512] (II) event8  - Dell Dell Universal Receiver: device is a keyboard
[    30.513] (II) config/udev: Adding input device Dell Dell Universal Receiver Mouse (/dev/input/event9)
[    30.513] (**) Dell Dell Universal Receiver Mouse: Applying InputClass "libinput pointer catchall"
[    30.513] (II) Using input driver 'libinput' for 'Dell Dell Universal Receiver Mouse'
[    30.513] (**) Dell Dell Universal Receiver Mouse: always reports core events
[    30.513] (**) Option "Device" "/dev/input/event9"
[    30.513] (**) Option "_source" "server/udev"
[    30.515] (II) event9  - Dell Dell Universal Receiver Mouse: is tagged by udev as: Mouse
[    30.516] (II) event9  - Dell Dell Universal Receiver Mouse: device is a pointer
[    30.516] (II) event9  - Dell Dell Universal Receiver Mouse: device removed
[    30.549] (**) Option "config_info" "udev:/sys/devices/pci0000:00/0000:00:14.0/usb3/3-1/3-1:1.1/0003:413C:301B.0003/input/input12/event9"
[    30.549] (II) XINPUT: Adding extended input device "Dell Dell Universal Receiver Mouse" (type: MOUSE, id 11)
[    30.550] (**) Option "AccelerationScheme" "none"
[    30.550] (**) Dell Dell Universal Receiver Mouse: (accel) selected scheme none/0
[    30.550] (**) Dell Dell Universal Receiver Mouse: (accel) acceleration factor: 2.000
[    30.550] (**) Dell Dell Universal Receiver Mouse: (accel) acceleration threshold: 4
[    30.552] (II) event9  - Dell Dell Universal Receiver Mouse: is tagged by udev as: Mouse
[    30.552] (II) event9  - Dell Dell Universal Receiver Mouse: device is a pointer
[    30.553] (II) config/udev: Adding input device Dell Dell Universal Receiver Mouse (/dev/input/mouse2)
[    30.553] (II) No input driver specified, ignoring this device.
[    30.554] (II) This device may have been added with another device file.
[    30.555] (II) config/udev: Adding input device Dell Dell Universal Receiver Consumer Control (/dev/input/event10)
[    30.555] (**) Dell Dell Universal Receiver Consumer Control: Applying InputClass "libinput keyboard catchall"
[    30.555] (II) Using input driver 'libinput' for 'Dell Dell Universal Receiver Consumer Control'
[    30.555] (**) Dell Dell Universal Receiver Consumer Control: always reports core events
[    30.555] (**) Option "Device" "/dev/input/event10"
[    30.555] (**) Option "_source" "server/udev"
[    30.557] (II) event10 - Dell Dell Universal Receiver Consumer Control: is tagged by udev as: Keyboard
[    30.557] (II) event10 - Dell Dell Universal Receiver Consumer Control: device is a keyboard
[    30.557] (II) event10 - Dell Dell Universal Receiver Consumer Control: device removed
[    30.573] (II) libinput: Dell Dell Universal Receiver Consumer Control: needs a virtual subdevice
[    30.573] (**) Option "config_info" "udev:/sys/devices/pci0000:00/0000:00:14.0/usb3/3-1/3-1:1.1/0003:413C:301B.0003/input/input13/event10"
[    30.573] (II) XINPUT: Adding extended input device "Dell Dell Universal Receiver Consumer Control" (type: MOUSE, id 12)
[    30.574] (**) Option "AccelerationScheme" "none"
[    30.574] (**) Dell Dell Universal Receiver Consumer Control: (accel) selected scheme none/0
[    30.574] (**) Dell Dell Universal Receiver Consumer Control: (accel) acceleration factor: 2.000
[    30.574] (**) Dell Dell Universal Receiver Consumer Control: (accel) acceleration threshold: 4
[    30.576] (II) event10 - Dell Dell Universal Receiver Consumer Control: is tagged by udev as: Keyboard
[    30.576] (II) event10 - Dell Dell Universal Receiver Consumer Control: device is a keyboard
[    30.577] (II) config/udev: Adding input device Dell Dell Universal Receiver System Control (/dev/input/event11)
[    30.577] (**) Dell Dell Universal Receiver System Control: Applying InputClass "libinput keyboard catchall"
[    30.577] (II) Using input driver 'libinput' for 'Dell Dell Universal Receiver System Control'
[    30.577] (**) Dell Dell Universal Receiver System Control: always reports core events
[    30.577] (**) Option "Device" "/dev/input/event11"
[    30.577] (**) Option "_source" "server/udev"
[    30.579] (II) event11 - Dell Dell Universal Receiver System Control: is tagged by udev as: Keyboard
[    30.580] (II) event11 - Dell Dell Universal Receiver System Control: device is a keyboard
[    30.580] (II) event11 - Dell Dell Universal Receiver System Control: device removed
[    30.597] (**) Option "config_info" "udev:/sys/devices/pci0000:00/0000:00:14.0/usb3/3-1/3-1:1.1/0003:413C:301B.0003/input/input14/event11"
[    30.597] (II) XINPUT: Adding extended input device "Dell Dell Universal Receiver System Control" (type: KEYBOARD, id 13)
[    30.597] (**) Option "xkb_model" "pc105"
[    30.597] (**) Option "xkb_layout" "us"
[    30.600] (II) event11 - Dell Dell Universal Receiver System Control: is tagged by udev as: Keyboard
[    30.600] (II) event11 - Dell Dell Universal Receiver System Control: device is a keyboard
[    30.601] (II) config/udev: Adding input device Integrated_Webcam_HD: Integrate (/dev/input/event21)
[    30.601] (**) Integrated_Webcam_HD: Integrate: Applying InputClass "libinput keyboard catchall"
[    30.601] (II) Using input driver 'libinput' for 'Integrated_Webcam_HD: Integrate'
[    30.601] (**) Integrated_Webcam_HD: Integrate: always reports core events
[    30.601] (**) Option "Device" "/dev/input/event21"
[    30.601] (**) Option "_source" "server/udev"
[    30.603] (II) event21 - Integrated_Webcam_HD: Integrate: is tagged by udev as: Keyboard
[    30.603] (II) event21 - Integrated_Webcam_HD: Integrate: device is a keyboard
[    30.603] (II) event21 - Integrated_Webcam_HD: Integrate: device removed
[    30.637] (**) Option "config_info" "udev:/sys/devices/pci0000:00/0000:00:14.0/usb3/3-6/3-6:1.0/input/input26/event21"
[    30.637] (II) XINPUT: Adding extended input device "Integrated_Webcam_HD: Integrate" (type: KEYBOARD, id 14)
[    30.637] (**) Option "xkb_model" "pc105"
[    30.637] (**) Option "xkb_layout" "us"
[    30.640] (II) event21 - Integrated_Webcam_HD: Integrate: is tagged by udev as: Keyboard
[    30.640] (II) event21 - Integrated_Webcam_HD: Integrate: device is a keyboard
[    30.641] (II) config/udev: Adding input device DELL0B21:00 04F3:3147 Mouse (/dev/input/event19)
[    30.641] (**) DELL0B21:00 04F3:3147 Mouse: Applying InputClass "libinput pointer catchall"
[    30.641] (II) Using input driver 'libinput' for 'DELL0B21:00 04F3:3147 Mouse'
[    30.641] (**) DELL0B21:00 04F3:3147 Mouse: always reports core events
[    30.641] (**) Option "Device" "/dev/input/event19"
[    30.641] (**) Option "_source" "server/udev"
[    30.643] (II) event19 - DELL0B21:00 04F3:3147 Mouse: is tagged by udev as: Mouse Pointingstick
[    30.643] (II) event19 - DELL0B21:00 04F3:3147 Mouse: device is a pointer
[    30.644] (II) event19 - DELL0B21:00 04F3:3147 Mouse: device removed
[    30.677] (**) Option "config_info" "udev:/sys/devices/pci0000:00/0000:00:15.1/i2c_designware.1/i2c-1/i2c-DELL0B21:00/0018:04F3:3147.0001/input/input23/event19"
[    30.677] (II) XINPUT: Adding extended input device "DELL0B21:00 04F3:3147 Mouse" (type: MOUSE, id 15)
[    30.677] (**) Option "AccelerationScheme" "none"
[    30.677] (**) DELL0B21:00 04F3:3147 Mouse: (accel) selected scheme none/0
[    30.678] (**) DELL0B21:00 04F3:3147 Mouse: (accel) acceleration factor: 2.000
[    30.678] (**) DELL0B21:00 04F3:3147 Mouse: (accel) acceleration threshold: 4
[    30.680] (II) event19 - DELL0B21:00 04F3:3147 Mouse: is tagged by udev as: Mouse Pointingstick
[    30.680] (II) event19 - DELL0B21:00 04F3:3147 Mouse: device is a pointer
[    30.682] (II) config/udev: Adding input device DELL0B21:00 04F3:3147 Mouse (/dev/input/mouse0)
[    30.682] (II) No input driver specified, ignoring this device.
[    30.682] (II) This device may have been added with another device file.
[    30.683] (II) config/udev: Adding input device DELL0B21:00 04F3:3147 Touchpad (/dev/input/event20)
[    30.683] (**) DELL0B21:00 04F3:3147 Touchpad: Applying InputClass "libinput touchpad catchall"
[    30.683] (II) Using input driver 'libinput' for 'DELL0B21:00 04F3:3147 Touchpad'
[    30.683] (**) DELL0B21:00 04F3:3147 Touchpad: always reports core events
[    30.683] (**) Option "Device" "/dev/input/event20"
[    30.683] (**) Option "_source" "server/udev"
[    30.685] (II) event20 - DELL0B21:00 04F3:3147 Touchpad: is tagged by udev as: Touchpad
[    30.687] (II) event20 - DELL0B21:00 04F3:3147 Touchpad: device is a touchpad
[    30.687] (II) event20 - DELL0B21:00 04F3:3147 Touchpad: device removed
[    30.718] (**) Option "config_info" "udev:/sys/devices/pci0000:00/0000:00:15.1/i2c_designware.1/i2c-1/i2c-DELL0B21:00/0018:04F3:3147.0001/input/input24/event20"
[    30.718] (II) XINPUT: Adding extended input device "DELL0B21:00 04F3:3147 Touchpad" (type: TOUCHPAD, id 16)
[    30.719] (**) Option "AccelerationScheme" "none"
[    30.719] (**) DELL0B21:00 04F3:3147 Touchpad: (accel) selected scheme none/0
[    30.719] (**) DELL0B21:00 04F3:3147 Touchpad: (accel) acceleration factor: 2.000
[    30.719] (**) DELL0B21:00 04F3:3147 Touchpad: (accel) acceleration threshold: 4
[    30.721] (II) event20 - DELL0B21:00 04F3:3147 Touchpad: is tagged by udev as: Touchpad
[    30.723] (II) event20 - DELL0B21:00 04F3:3147 Touchpad: device is a touchpad
[    30.724] (II) config/udev: Adding input device DELL0B21:00 04F3:3147 Touchpad (/dev/input/mouse1)
[    30.724] (II) No input driver specified, ignoring this device.
[    30.724] (II) This device may have been added with another device file.
[    30.725] (II) config/udev: Adding input device sof-hda-dsp Headphone Mic (/dev/input/event5)
[    30.725] (II) No input driver specified, ignoring this device.
[    30.725] (II) This device may have been added with another device file.
[    30.725] (II) config/udev: Adding input device sof-hda-dsp HDMI/DP,pcm=3 (/dev/input/event15)
[    30.725] (II) No input driver specified, ignoring this device.
[    30.725] (II) This device may have been added with another device file.
[    30.726] (II) config/udev: Adding input device sof-hda-dsp HDMI/DP,pcm=4 (/dev/input/event16)
[    30.726] (II) No input driver specified, ignoring this device.
[    30.726] (II) This device may have been added with another device file.
[    30.727] (II) config/udev: Adding input device sof-hda-dsp HDMI/DP,pcm=5 (/dev/input/event17)
[    30.727] (II) No input driver specified, ignoring this device.
[    30.727] (II) This device may have been added with another device file.
[    30.727] (II) config/udev: Adding input device Intel HID events (/dev/input/event13)
[    30.727] (**) Intel HID events: Applying InputClass "libinput keyboard catchall"
[    30.727] (II) Using input driver 'libinput' for 'Intel HID events'
[    30.727] (**) Intel HID events: always reports core events
[    30.727] (**) Option "Device" "/dev/input/event13"
[    30.727] (**) Option "_source" "server/udev"
[    30.728] (II) event13 - Intel HID events: is tagged by udev as: Keyboard
[    30.728] (II) event13 - Intel HID events: device is a keyboard
[    30.729] (II) event13 - Intel HID events: device removed
[    30.741] (**) Option "config_info" "udev:/sys/devices/platform/INTC1051:00/input/input15/event13"
[    30.741] (II) XINPUT: Adding extended input device "Intel HID events" (type: KEYBOARD, id 17)
[    30.741] (**) Option "xkb_model" "pc105"
[    30.742] (**) Option "xkb_layout" "us"
[    30.743] (II) event13 - Intel HID events: is tagged by udev as: Keyboard
[    30.743] (II) event13 - Intel HID events: device is a keyboard
[    30.744] (II) config/udev: Adding input device Intel HID 5 button array (/dev/input/event14)
[    30.744] (**) Intel HID 5 button array: Applying InputClass "libinput keyboard catchall"
[    30.744] (II) Using input driver 'libinput' for 'Intel HID 5 button array'
[    30.744] (**) Intel HID 5 button array: always reports core events
[    30.744] (**) Option "Device" "/dev/input/event14"
[    30.744] (**) Option "_source" "server/udev"
[    30.745] (II) event14 - Intel HID 5 button array: is tagged by udev as: Keyboard
[    30.745] (II) event14 - Intel HID 5 button array: device is a keyboard
[    30.745] (II) event14 - Intel HID 5 button array: device removed
[    30.765] (**) Option "config_info" "udev:/sys/devices/platform/INTC1051:00/input/input16/event14"
[    30.765] (II) XINPUT: Adding extended input device "Intel HID 5 button array" (type: KEYBOARD, id 18)
[    30.765] (**) Option "xkb_model" "pc105"
[    30.765] (**) Option "xkb_layout" "us"
[    30.767] (II) event14 - Intel HID 5 button array: is tagged by udev as: Keyboard
[    30.767] (II) event14 - Intel HID 5 button array: device is a keyboard
[    30.768] (II) config/udev: Adding input device Dell Privacy Driver (/dev/input/event4)
[    30.768] (**) Dell Privacy Driver: Applying InputClass "libinput keyboard catchall"
[    30.768] (II) Using input driver 'libinput' for 'Dell Privacy Driver'
[    30.768] (**) Dell Privacy Driver: always reports core events
[    30.768] (**) Option "Device" "/dev/input/event4"
[    30.768] (**) Option "_source" "server/udev"
[    30.770] (II) event4  - Dell Privacy Driver: is tagged by udev as: Keyboard Switch
[    30.770] (II) event4  - Dell Privacy Driver: device is a keyboard
[    30.770] (II) event4  - Dell Privacy Driver: device removed
[    30.789] (**) Option "config_info" "udev:/sys/devices/platform/PNP0C14:03/wmi_bus/wmi_bus-PNP0C14:03/6932965F-1671-4CEB-B988-D3AB0A901919/input/input17/event4"
[    30.789] (II) XINPUT: Adding extended input device "Dell Privacy Driver" (type: KEYBOARD, id 19)
[    30.789] (**) Option "xkb_model" "pc105"
[    30.789] (**) Option "xkb_layout" "us"
[    30.791] (II) event4  - Dell Privacy Driver: is tagged by udev as: Keyboard Switch
[    30.792] (II) event4  - Dell Privacy Driver: device is a keyboard
[    30.793] (II) config/udev: Adding input device Dell WMI hotkeys (/dev/input/event18)
[    30.793] (**) Dell WMI hotkeys: Applying InputClass "libinput keyboard catchall"
[    30.793] (II) Using input driver 'libinput' for 'Dell WMI hotkeys'
[    30.793] (**) Dell WMI hotkeys: always reports core events
[    30.793] (**) Option "Device" "/dev/input/event18"
[    30.793] (**) Option "_source" "server/udev"
[    30.794] (II) event18 - Dell WMI hotkeys: is tagged by udev as: Keyboard
[    30.795] (II) event18 - Dell WMI hotkeys: device is a keyboard
[    30.795] (II) event18 - Dell WMI hotkeys: device removed
[    30.813] (**) Option "config_info" "udev:/sys/devices/platform/PNP0C14:03/wmi_bus/wmi_bus-PNP0C14:03/9DBB5994-A997-11DA-B012-B622A1EF5492/input/input22/event18"
[    30.813] (II) XINPUT: Adding extended input device "Dell WMI hotkeys" (type: KEYBOARD, id 20)
[    30.813] (**) Option "xkb_model" "pc105"
[    30.813] (**) Option "xkb_layout" "us"
[    30.815] (II) event18 - Dell WMI hotkeys: is tagged by udev as: Keyboard
[    30.816] (II) event18 - Dell WMI hotkeys: device is a keyboard
[    30.817] (II) config/udev: Adding input device AT Translated Set 2 keyboard (/dev/input/event3)
[    30.817] (**) AT Translated Set 2 keyboard: Applying InputClass "libinput keyboard catchall"
[    30.817] (II) Using input driver 'libinput' for 'AT Translated Set 2 keyboard'
[    30.817] (**) AT Translated Set 2 keyboard: always reports core events
[    30.817] (**) Option "Device" "/dev/input/event3"
[    30.817] (**) Option "_source" "server/udev"
[    30.818] (II) event3  - AT Translated Set 2 keyboard: is tagged by udev as: Keyboard
[    30.819] (II) event3  - AT Translated Set 2 keyboard: device is a keyboard
[    30.820] (II) event3  - AT Translated Set 2 keyboard: device removed
[    30.845] (**) Option "config_info" "udev:/sys/devices/platform/i8042/serio0/input/input3/event3"
[    30.845] (II) XINPUT: Adding extended input device "AT Translated Set 2 keyboard" (type: KEYBOARD, id 21)
[    30.845] (**) Option "xkb_model" "pc105"
[    30.845] (**) Option "xkb_layout" "us"
[    30.847] (II) event3  - AT Translated Set 2 keyboard: is tagged by udev as: Keyboard
[    30.847] (II) event3  - AT Translated Set 2 keyboard: device is a keyboard
[    30.850] (II) config/udev: Adding input device PS/2 Generic Mouse (/dev/input/event12)
[    30.850] (**) PS/2 Generic Mouse: Applying InputClass "libinput pointer catchall"
[    30.850] (II) Using input driver 'libinput' for 'PS/2 Generic Mouse'
[    30.850] (**) PS/2 Generic Mouse: always reports core events
[    30.850] (**) Option "Device" "/dev/input/event12"
[    30.850] (**) Option "_source" "server/udev"
[    30.870] (II) event12 - PS/2 Generic Mouse: is tagged by udev as: Mouse
[    30.871] (II) event12 - PS/2 Generic Mouse: device is a pointer
[    30.871] (II) event12 - PS/2 Generic Mouse: device removed
[    30.901] (**) Option "config_info" "udev:/sys/devices/platform/i8042/serio1/input/input5/event12"
[    30.901] (II) XINPUT: Adding extended input device "PS/2 Generic Mouse" (type: MOUSE, id 22)
[    30.901] (**) Option "AccelerationScheme" "none"
[    30.901] (**) PS/2 Generic Mouse: (accel) selected scheme none/0
[    30.901] (**) PS/2 Generic Mouse: (accel) acceleration factor: 2.000
[    30.901] (**) PS/2 Generic Mouse: (accel) acceleration threshold: 4
[    30.903] (II) event12 - PS/2 Generic Mouse: is tagged by udev as: Mouse
[    30.903] (II) event12 - PS/2 Generic Mouse: device is a pointer
[    30.904] (II) config/udev: Adding input device PS/2 Generic Mouse (/dev/input/mouse3)
[    30.904] (II) No input driver specified, ignoring this device.
[    30.904] (II) This device may have been added with another device file.
[    30.940] (**) Dell Dell Universal Receiver Consumer Control: Applying InputClass "libinput keyboard catchall"
[    30.940] (II) Using input driver 'libinput' for 'Dell Dell Universal Receiver Consumer Control'
[    30.940] (**) Dell Dell Universal Receiver Consumer Control: always reports core events
[    30.940] (**) Option "Device" "/dev/input/event10"
[    30.940] (**) Option "_source" "_driver/libinput"
[    30.940] (II) libinput: Dell Dell Universal Receiver Consumer Control: is a virtual subdevice
[    30.940] (**) Option "config_info" "udev:/sys/devices/pci0000:00/0000:00:14.0/usb3/3-1/3-1:1.1/0003:413C:301B.0003/input/input13/event10"
[    30.940] (II) XINPUT: Adding extended input device "Dell Dell Universal Receiver Consumer Control" (type: KEYBOARD, id 23)
[    30.940] (**) Option "xkb_model" "pc105"
[    30.940] (**) Option "xkb_layout" "us"
[    31.173] (II) modeset(0): EDID vendor "BOE", prod id 2697
[    31.173] (II) modeset(0): Printing DDC gathered Modelines:
[    31.173] (II) modeset(0): Modeline "1920x1080"x0.0  138.65  1920 1968 2000 2080  1080 1083 1088 1111 +hsync -vsync (66.7 kHz eP)
[    31.173] (II) modeset(0): Modeline "1920x1080"x0.0  110.90  1920 1968 2000 2080  1080 1083 1088 1111 +hsync -vsync (53.3 kHz e)
[    31.198] (II) modeset(0): EDID vendor "BOE", prod id 2697
[    31.198] (II) modeset(0): Printing DDC gathered Modelines:
[    31.198] (II) modeset(0): Modeline "1920x1080"x0.0  138.65  1920 1968 2000 2080  1080 1083 1088 1111 +hsync -vsync (66.7 kHz eP)
[    31.198] (II) modeset(0): Modeline "1920x1080"x0.0  110.90  1920 1968 2000 2080  1080 1083 1088 1111 +hsync -vsync (53.3 kHz e)
[    31.202] (II) modeset(0): EDID vendor "BOE", prod id 2697
[    31.202] (II) modeset(0): Printing DDC gathered Modelines:
[    31.202] (II) modeset(0): Modeline "1920x1080"x0.0  138.65  1920 1968 2000 2080  1080 1083 1088 1111 +hsync -vsync (66.7 kHz eP)
[    31.202] (II) modeset(0): Modeline "1920x1080"x0.0  110.90  1920 1968 2000 2080  1080 1083 1088 1111 +hsync -vsync (53.3 kHz e)
[    31.213] (II) modeset(0): EDID vendor "BOE", prod id 2697
[    31.213] (II) modeset(0): Printing DDC gathered Modelines:
[    31.213] (II) modeset(0): Modeline "1920x1080"x0.0  138.65  1920 1968 2000 2080  1080 1083 1088 1111 +hsync -vsync (66.7 kHz eP)
[    31.213] (II) modeset(0): Modeline "1920x1080"x0.0  110.90  1920 1968 2000 2080  1080 1083 1088 1111 +hsync -vsync (53.3 kHz e)
[    31.225] (II) modeset(0): EDID vendor "BOE", prod id 2697
[    31.225] (II) modeset(0): Printing DDC gathered Modelines:
[    31.225] (II) modeset(0): Modeline "1920x1080"x0.0  138.65  1920 1968 2000 2080  1080 1083 1088 1111 +hsync -vsync (66.7 kHz eP)
[    31.225] (II) modeset(0): Modeline "1920x1080"x0.0  110.90  1920 1968 2000 2080  1080 1083 1088 1111 +hsync -vsync (53.3 kHz e)
[    31.557] (II) modeset(0): Allocate new frame buffer 320x200 stride
[    31.575] (II) modeset(0): Allocate new frame buffer 1920x1080 stride
[    32.763] (II) modeset(0): EDID vendor "BOE", prod id 2697
[    32.763] (II) modeset(0): Printing DDC gathered Modelines:
[    32.763] (II) modeset(0): Modeline "1920x1080"x0.0  138.65  1920 1968 2000 2080  1080 1083 1088 1111 +hsync -vsync (66.7 kHz eP)
[    32.763] (II) modeset(0): Modeline "1920x1080"x0.0  110.90  1920 1968 2000 2080  1080 1083 1088 1111 +hsync -vsync (53.3 kHz e)
[   322.356] (II) config/udev: removing device Video Bus
[   322.356] (II) event7  - Video Bus: device removed
[   322.374] (II) UnloadModule: "libinput"
[   322.374] (II) config/udev: Adding input device Video Bus (/dev/input/event7)
[   322.374] (**) Video Bus: Applying InputClass "libinput keyboard catchall"
[   322.374] (II) Using input driver 'libinput' for 'Video Bus'
[   322.374] (**) Video Bus: always reports core events
[   322.374] (**) Option "Device" "/dev/input/event7"
[   322.374] (**) Option "_source" "server/udev"
[   322.375] (II) event7  - Video Bus: is tagged by udev as: Keyboard
[   322.375] (II) event7  - Video Bus: device is a keyboard
[   322.375] (II) event7  - Video Bus: device removed
[   322.413] (**) Option "config_info" "udev:/sys/devices/LNXSYSTM:00/LNXSYBUS:00/PNP0A08:00/LNXVIDEO:01/input/input10/event7"
[   322.413] (II) XINPUT: Adding extended input device "Video Bus" (type: KEYBOARD, id 6)
[   322.413] (**) Option "xkb_model" "pc105"
[   322.413] (**) Option "xkb_layout" "us"
[   322.413] (WW) Option "xkb_variant" requires a string value
[   322.413] (WW) Option "xkb_options" requires a string value
[   322.416] (II) event7  - Video Bus: is tagged by udev as: Keyboard
[   322.416] (II) event7  - Video Bus: device is a keyboard
[   322.418] (II) config/udev: removing device Video Bus
[   322.418] (II) event6  - Video Bus: device removed
[   322.442] (II) UnloadModule: "libinput"
[   322.442] (II) config/udev: Adding input device Video Bus (/dev/input/event6)
[   322.442] (**) Video Bus: Applying InputClass "libinput keyboard catchall"
[   322.442] (II) Using input driver 'libinput' for 'Video Bus'
[   322.443] (**) Video Bus: always reports core events
[   322.443] (**) Option "Device" "/dev/input/event6"
[   322.443] (**) Option "_source" "server/udev"
[   322.444] (II) event6  - Video Bus: is tagged by udev as: Keyboard
[   322.444] (II) event6  - Video Bus: device is a keyboard
[   322.444] (II) event6  - Video Bus: device removed
[   322.481] (**) Option "config_info" "udev:/sys/devices/LNXSYSTM:00/LNXSYBUS:00/PNP0A08:00/device:00/LNXVIDEO:00/input/input9/event6"
[   322.481] (II) XINPUT: Adding extended input device "Video Bus" (type: KEYBOARD, id 7)
[   322.481] (**) Option "xkb_model" "pc105"
[   322.481] (**) Option "xkb_layout" "us"
[   322.481] (WW) Option "xkb_variant" requires a string value
[   322.481] (WW) Option "xkb_options" requires a string value
[   322.484] (II) event6  - Video Bus: is tagged by udev as: Keyboard
[   322.484] (II) event6  - Video Bus: device is a keyboard
[   322.486] (II) config/udev: removing device Power Button
[   322.486] (II) event1  - Power Button: device removed
[   322.510] (II) UnloadModule: "libinput"
[   322.511] (II) config/udev: Adding input device Power Button (/dev/input/event1)
[   322.511] (**) Power Button: Applying InputClass "libinput keyboard catchall"
[   322.511] (II) Using input driver 'libinput' for 'Power Button'
[   322.511] (**) Power Button: always reports core events
[   322.511] (**) Option "Device" "/dev/input/event1"
[   322.511] (**) Option "_source" "server/udev"
[   322.513] (II) event1  - Power Button: is tagged by udev as: Keyboard
[   322.513] (II) event1  - Power Button: device is a keyboard
[   322.513] (II) event1  - Power Button: device removed
[   322.537] (**) Option "config_info" "udev:/sys/devices/LNXSYSTM:00/LNXSYBUS:00/PNP0C0C:00/input/input1/event1"
[   322.537] (II) XINPUT: Adding extended input device "Power Button" (type: KEYBOARD, id 8)
[   322.537] (**) Option "xkb_model" "pc105"
[   322.537] (**) Option "xkb_layout" "us"
[   322.537] (WW) Option "xkb_variant" requires a string value
[   322.537] (WW) Option "xkb_options" requires a string value
[   322.539] (II) event1  - Power Button: is tagged by udev as: Keyboard
[   322.539] (II) event1  - Power Button: device is a keyboard
[   322.541] (II) config/udev: removing device Dell Dell Universal Receiver Consumer Control
[   322.542] (II) UnloadModule: "libinput"
[   322.542] (II) config/udev: removing device Dell Dell Universal Receiver Consumer Control
[   322.543] (II) event10 - Dell Dell Universal Receiver Consumer Control: device removed
[   322.570] (II) UnloadModule: "libinput"
[   322.571] (II) config/udev: Adding input device Dell Dell Universal Receiver Consumer Control (/dev/input/event10)
[   322.571] (**) Dell Dell Universal Receiver Consumer Control: Applying InputClass "libinput keyboard catchall"
[   322.571] (II) Using input driver 'libinput' for 'Dell Dell Universal Receiver Consumer Control'
[   322.571] (**) Dell Dell Universal Receiver Consumer Control: always reports core events
[   322.571] (**) Option "Device" "/dev/input/event10"
[   322.571] (**) Option "_source" "server/udev"
[   322.573] (II) event10 - Dell Dell Universal Receiver Consumer Control: is tagged by udev as: Keyboard
[   322.573] (II) event10 - Dell Dell Universal Receiver Consumer Control: device is a keyboard
[   322.573] (II) event10 - Dell Dell Universal Receiver Consumer Control: device removed
[   322.601] (II) libinput: Dell Dell Universal Receiver Consumer Control: needs a virtual subdevice
[   322.601] (**) Option "config_info" "udev:/sys/devices/pci0000:00/0000:00:14.0/usb3/3-1/3-1:1.1/0003:413C:301B.0003/input/input13/event10"
[   322.601] (II) XINPUT: Adding extended input device "Dell Dell Universal Receiver Consumer Control" (type: MOUSE, id 12)
[   322.602] (**) Option "AccelerationScheme" "none"
[   322.602] (**) Dell Dell Universal Receiver Consumer Control: (accel) selected scheme none/0
[   322.602] (**) Dell Dell Universal Receiver Consumer Control: (accel) acceleration factor: 2.000
[   322.602] (**) Dell Dell Universal Receiver Consumer Control: (accel) acceleration threshold: 4
[   322.604] (II) event10 - Dell Dell Universal Receiver Consumer Control: is tagged by udev as: Keyboard
[   322.605] (II) event10 - Dell Dell Universal Receiver Consumer Control: device is a keyboard
[   322.605] (**) Dell Dell Universal Receiver Consumer Control: Applying InputClass "libinput keyboard catchall"
[   322.605] (II) Using input driver 'libinput' for 'Dell Dell Universal Receiver Consumer Control'
[   322.605] (**) Dell Dell Universal Receiver Consumer Control: always reports core events
[   322.605] (**) Option "Device" "/dev/input/event10"
[   322.605] (**) Option "_source" "_driver/libinput"
[   322.606] (II) libinput: Dell Dell Universal Receiver Consumer Control: is a virtual subdevice
[   322.606] (**) Option "config_info" "udev:/sys/devices/pci0000:00/0000:00:14.0/usb3/3-1/3-1:1.1/0003:413C:301B.0003/input/input13/event10"
[   322.606] (II) XINPUT: Adding extended input device "Dell Dell Universal Receiver Consumer Control" (type: KEYBOARD, id 23)
[   322.606] (**) Option "xkb_model" "pc105"
[   322.606] (**) Option "xkb_layout" "us"
[   322.606] (WW) Option "xkb_variant" requires a string value
[   322.606] (WW) Option "xkb_options" requires a string value
[   322.606] (II) config/udev: removing device Intel HID 5 button array
[   322.606] (II) event14 - Intel HID 5 button array: device removed
[   322.626] (II) UnloadModule: "libinput"
[   322.626] (II) config/udev: Adding input device Intel HID 5 button array (/dev/input/event14)
[   322.626] (**) Intel HID 5 button array: Applying InputClass "libinput keyboard catchall"
[   322.626] (II) Using input driver 'libinput' for 'Intel HID 5 button array'
[   322.626] (**) Intel HID 5 button array: always reports core events
[   322.626] (**) Option "Device" "/dev/input/event14"
[   322.626] (**) Option "_source" "server/udev"
[   322.627] (II) event14 - Intel HID 5 button array: is tagged by udev as: Keyboard
[   322.627] (II) event14 - Intel HID 5 button array: device is a keyboard
[   322.628] (II) event14 - Intel HID 5 button array: device removed
[   322.649] (**) Option "config_info" "udev:/sys/devices/platform/INTC1051:00/input/input16/event14"
[   322.649] (II) XINPUT: Adding extended input device "Intel HID 5 button array" (type: KEYBOARD, id 18)
[   322.649] (**) Option "xkb_model" "pc105"
[   322.649] (**) Option "xkb_layout" "us"
[   322.649] (WW) Option "xkb_variant" requires a string value
[   322.649] (WW) Option "xkb_options" requires a string value
[   322.650] (II) event14 - Intel HID 5 button array: is tagged by udev as: Keyboard
[   322.650] (II) event14 - Intel HID 5 button array: device is a keyboard
[   322.651] (II) config/udev: removing device Sleep Button
[   322.651] (II) event2  - Sleep Button: device removed
[   322.670] (II) UnloadModule: "libinput"
[   322.671] (II) config/udev: Adding input device Sleep Button (/dev/input/event2)
[   322.671] (**) Sleep Button: Applying InputClass "libinput keyboard catchall"
[   322.671] (II) Using input driver 'libinput' for 'Sleep Button'
[   322.671] (**) Sleep Button: always reports core events
[   322.671] (**) Option "Device" "/dev/input/event2"
[   322.671] (**) Option "_source" "server/udev"
[   322.672] (II) event2  - Sleep Button: is tagged by udev as: Keyboard
[   322.672] (II) event2  - Sleep Button: device is a keyboard
[   322.673] (II) event2  - Sleep Button: device removed
[   322.689] (**) Option "config_info" "udev:/sys/devices/LNXSYSTM:00/LNXSYBUS:00/PNP0C0E:00/input/input2/event2"
[   322.689] (II) XINPUT: Adding extended input device "Sleep Button" (type: KEYBOARD, id 9)
[   322.689] (**) Option "xkb_model" "pc105"
[   322.689] (**) Option "xkb_layout" "us"
[   322.689] (WW) Option "xkb_variant" requires a string value
[   322.689] (WW) Option "xkb_options" requires a string value
[   322.691] (II) event2  - Sleep Button: is tagged by udev as: Keyboard
[   322.691] (II) event2  - Sleep Button: device is a keyboard
[   322.691] (II) config/udev: removing device Integrated_Webcam_HD: Integrate
[   322.691] (II) event21 - Integrated_Webcam_HD: Integrate: device removed
[   322.730] (II) UnloadModule: "libinput"
[   322.731] (II) config/udev: Adding input device Integrated_Webcam_HD: Integrate (/dev/input/event21)
[   322.731] (**) Integrated_Webcam_HD: Integrate: Applying InputClass "libinput keyboard catchall"
[   322.731] (II) Using input driver 'libinput' for 'Integrated_Webcam_HD: Integrate'
[   322.731] (**) Integrated_Webcam_HD: Integrate: always reports core events
[   322.731] (**) Option "Device" "/dev/input/event21"
[   322.731] (**) Option "_source" "server/udev"
[   322.733] (II) event21 - Integrated_Webcam_HD: Integrate: is tagged by udev as: Keyboard
[   322.733] (II) event21 - Integrated_Webcam_HD: Integrate: device is a keyboard
[   322.734] (II) event21 - Integrated_Webcam_HD: Integrate: device removed
[   322.769] (**) Option "config_info" "udev:/sys/devices/pci0000:00/0000:00:14.0/usb3/3-6/3-6:1.0/input/input26/event21"
[   322.769] (II) XINPUT: Adding extended input device "Integrated_Webcam_HD: Integrate" (type: KEYBOARD, id 14)
[   322.769] (**) Option "xkb_model" "pc105"
[   322.769] (**) Option "xkb_layout" "us"
[   322.769] (WW) Option "xkb_variant" requires a string value
[   322.769] (WW) Option "xkb_options" requires a string value
[   322.772] (II) event21 - Integrated_Webcam_HD: Integrate: is tagged by udev as: Keyboard
[   322.772] (II) event21 - Integrated_Webcam_HD: Integrate: device is a keyboard
[   322.773] (II) config/udev: removing device Dell Dell Universal Receiver
[   322.773] (II) event8  - Dell Dell Universal Receiver: device removed
[   322.786] (II) UnloadModule: "libinput"
[   322.787] (II) config/udev: Adding input device Dell Dell Universal Receiver (/dev/input/event8)
[   322.787] (**) Dell Dell Universal Receiver: Applying InputClass "libinput keyboard catchall"
[   322.787] (II) Using input driver 'libinput' for 'Dell Dell Universal Receiver'
[   322.787] (**) Dell Dell Universal Receiver: always reports core events
[   322.787] (**) Option "Device" "/dev/input/event8"
[   322.787] (**) Option "_source" "server/udev"
[   322.789] (II) event8  - Dell Dell Universal Receiver: is tagged by udev as: Keyboard
[   322.790] (II) event8  - Dell Dell Universal Receiver: device is a keyboard
[   322.790] (II) event8  - Dell Dell Universal Receiver: device removed
[   322.809] (**) Option "config_info" "udev:/sys/devices/pci0000:00/0000:00:14.0/usb3/3-1/3-1:1.0/0003:413C:301B.0002/input/input11/event8"
[   322.809] (II) XINPUT: Adding extended input device "Dell Dell Universal Receiver" (type: KEYBOARD, id 10)
[   322.809] (**) Option "xkb_model" "pc105"
[   322.809] (**) Option "xkb_layout" "us"
[   322.809] (WW) Option "xkb_variant" requires a string value
[   322.809] (WW) Option "xkb_options" requires a string value
[   322.811] (II) event8  - Dell Dell Universal Receiver: is tagged by udev as: Keyboard
[   322.812] (II) event8  - Dell Dell Universal Receiver: device is a keyboard
[   322.812] (II) config/udev: removing device Intel HID events
[   322.813] (II) event13 - Intel HID events: device removed
[   322.826] (II) UnloadModule: "libinput"
[   322.827] (II) config/udev: Adding input device Intel HID events (/dev/input/event13)
[   322.827] (**) Intel HID events: Applying InputClass "libinput keyboard catchall"
[   322.827] (II) Using input driver 'libinput' for 'Intel HID events'
[   322.827] (**) Intel HID events: always reports core events
[   322.827] (**) Option "Device" "/dev/input/event13"
[   322.827] (**) Option "_source" "server/udev"
[   322.828] (II) event13 - Intel HID events: is tagged by udev as: Keyboard
[   322.828] (II) event13 - Intel HID events: device is a keyboard
[   322.828] (II) event13 - Intel HID events: device removed
[   322.845] (**) Option "config_info" "udev:/sys/devices/platform/INTC1051:00/input/input15/event13"
[   322.845] (II) XINPUT: Adding extended input device "Intel HID events" (type: KEYBOARD, id 17)
[   322.845] (**) Option "xkb_model" "pc105"
[   322.845] (**) Option "xkb_layout" "us"
[   322.845] (WW) Option "xkb_variant" requires a string value
[   322.845] (WW) Option "xkb_options" requires a string value
[   322.847] (II) event13 - Intel HID events: is tagged by udev as: Keyboard
[   322.847] (II) event13 - Intel HID events: device is a keyboard
[   322.847] (II) config/udev: removing device Dell Dell Universal Receiver System Control
[   322.847] (II) event11 - Dell Dell Universal Receiver System Control: device removed
[   322.862] (II) UnloadModule: "libinput"
[   322.863] (II) config/udev: Adding input device Dell Dell Universal Receiver System Control (/dev/input/event11)
[   322.863] (**) Dell Dell Universal Receiver System Control: Applying InputClass "libinput keyboard catchall"
[   322.863] (II) Using input driver 'libinput' for 'Dell Dell Universal Receiver System Control'
[   322.863] (**) Dell Dell Universal Receiver System Control: always reports core events
[   322.863] (**) Option "Device" "/dev/input/event11"
[   322.863] (**) Option "_source" "server/udev"
[   322.865] (II) event11 - Dell Dell Universal Receiver System Control: is tagged by udev as: Keyboard
[   322.866] (II) event11 - Dell Dell Universal Receiver System Control: device is a keyboard
[   322.866] (II) event11 - Dell Dell Universal Receiver System Control: device removed
[   322.905] (**) Option "config_info" "udev:/sys/devices/pci0000:00/0000:00:14.0/usb3/3-1/3-1:1.1/0003:413C:301B.0003/input/input14/event11"
[   322.905] (II) XINPUT: Adding extended input device "Dell Dell Universal Receiver System Control" (type: KEYBOARD, id 13)
[   322.905] (**) Option "xkb_model" "pc105"
[   322.905] (**) Option "xkb_layout" "us"
[   322.905] (WW) Option "xkb_variant" requires a string value
[   322.905] (WW) Option "xkb_options" requires a string value
[   322.908] (II) event11 - Dell Dell Universal Receiver System Control: is tagged by udev as: Keyboard
[   322.908] (II) event11 - Dell Dell Universal Receiver System Control: device is a keyboard
[   322.909] (II) config/udev: removing device Dell Privacy Driver
[   322.909] (II) event4  - Dell Privacy Driver: device removed
[   322.930] (II) UnloadModule: "libinput"
[   322.931] (II) config/udev: Adding input device Dell Privacy Driver (/dev/input/event4)
[   322.931] (**) Dell Privacy Driver: Applying InputClass "libinput keyboard catchall"
[   322.931] (II) Using input driver 'libinput' for 'Dell Privacy Driver'
[   322.931] (**) Dell Privacy Driver: always reports core events
[   322.931] (**) Option "Device" "/dev/input/event4"
[   322.931] (**) Option "_source" "server/udev"
[   322.933] (II) event4  - Dell Privacy Driver: is tagged by udev as: Keyboard Switch
[   322.933] (II) event4  - Dell Privacy Driver: device is a keyboard
[   322.933] (II) event4  - Dell Privacy Driver: device removed
[   322.957] (**) Option "config_info" "udev:/sys/devices/platform/PNP0C14:03/wmi_bus/wmi_bus-PNP0C14:03/6932965F-1671-4CEB-B988-D3AB0A901919/input/input17/event4"
[   322.957] (II) XINPUT: Adding extended input device "Dell Privacy Driver" (type: KEYBOARD, id 19)
[   322.957] (**) Option "xkb_model" "pc105"
[   322.957] (**) Option "xkb_layout" "us"
[   322.957] (WW) Option "xkb_variant" requires a string value
[   322.957] (WW) Option "xkb_options" requires a string value
[   322.959] (II) event4  - Dell Privacy Driver: is tagged by udev as: Keyboard Switch
[   322.959] (II) event4  - Dell Privacy Driver: device is a keyboard
[   322.960] (II) config/udev: removing device Dell WMI hotkeys
[   322.960] (II) event18 - Dell WMI hotkeys: device removed
[   322.974] (II) UnloadModule: "libinput"
[   322.975] (II) config/udev: Adding input device Dell WMI hotkeys (/dev/input/event18)
[   322.975] (**) Dell WMI hotkeys: Applying InputClass "libinput keyboard catchall"
[   322.975] (II) Using input driver 'libinput' for 'Dell WMI hotkeys'
[   322.975] (**) Dell WMI hotkeys: always reports core events
[   322.975] (**) Option "Device" "/dev/input/event18"
[   322.975] (**) Option "_source" "server/udev"
[   322.977] (II) event18 - Dell WMI hotkeys: is tagged by udev as: Keyboard
[   322.977] (II) event18 - Dell WMI hotkeys: device is a keyboard
[   322.977] (II) event18 - Dell WMI hotkeys: device removed
[   322.997] (**) Option "config_info" "udev:/sys/devices/platform/PNP0C14:03/wmi_bus/wmi_bus-PNP0C14:03/9DBB5994-A997-11DA-B012-B622A1EF5492/input/input22/event18"
[   322.997] (II) XINPUT: Adding extended input device "Dell WMI hotkeys" (type: KEYBOARD, id 20)
[   322.997] (**) Option "xkb_model" "pc105"
[   322.997] (**) Option "xkb_layout" "us"
[   322.997] (WW) Option "xkb_variant" requires a string value
[   322.997] (WW) Option "xkb_options" requires a string value
[   322.999] (II) event18 - Dell WMI hotkeys: is tagged by udev as: Keyboard
[   322.999] (II) event18 - Dell WMI hotkeys: device is a keyboard
[   323.000] (II) config/udev: removing device AT Translated Set 2 keyboard
[   323.000] (II) event3  - AT Translated Set 2 keyboard: device removed
[   323.014] (II) UnloadModule: "libinput"
[   323.015] (II) config/udev: Adding input device AT Translated Set 2 keyboard (/dev/input/event3)
[   323.015] (**) AT Translated Set 2 keyboard: Applying InputClass "libinput keyboard catchall"
[   323.015] (II) Using input driver 'libinput' for 'AT Translated Set 2 keyboard'
[   323.015] (**) AT Translated Set 2 keyboard: always reports core events
[   323.015] (**) Option "Device" "/dev/input/event3"
[   323.015] (**) Option "_source" "server/udev"
[   323.016] (II) event3  - AT Translated Set 2 keyboard: is tagged by udev as: Keyboard
[   323.017] (II) event3  - AT Translated Set 2 keyboard: device is a keyboard
[   323.018] (II) event3  - AT Translated Set 2 keyboard: device removed
[   323.041] (**) Option "config_info" "udev:/sys/devices/platform/i8042/serio0/input/input3/event3"
[   323.041] (II) XINPUT: Adding extended input device "AT Translated Set 2 keyboard" (type: KEYBOARD, id 21)
[   323.041] (**) Option "xkb_model" "pc105"
[   323.041] (**) Option "xkb_layout" "us"
[   323.041] (WW) Option "xkb_variant" requires a string value
[   323.041] (WW) Option "xkb_options" requires a string value
[   323.043] (II) event3  - AT Translated Set 2 keyboard: is tagged by udev as: Keyboard
[   323.043] (II) event3  - AT Translated Set 2 keyboard: device is a keyboard
[   349.682] (II) event9  - Dell Dell Universal Receiver Mouse: device removed
[   349.769] (II) event19 - DELL0B21:00 04F3:3147 Mouse: device removed
[   349.801] (II) event20 - DELL0B21:00 04F3:3147 Touchpad: device removed
[   349.833] (II) event12 - PS/2 Generic Mouse: device removed
[   349.869] (II) event7  - Video Bus: device removed
[   349.893] (II) event6  - Video Bus: device removed
[   349.913] (II) event1  - Power Button: device removed
[   349.929] (II) event10 - Dell Dell Universal Receiver Consumer Control: device removed
[   349.945] (II) event14 - Intel HID 5 button array: device removed
[   349.965] (II) event2  - Sleep Button: device removed
[   349.981] (II) event21 - Integrated_Webcam_HD: Integrate: device removed
[   350.013] (II) event8  - Dell Dell Universal Receiver: device removed
[   350.029] (II) event13 - Intel HID events: device removed
[   350.049] (II) event11 - Dell Dell Universal Receiver System Control: device removed
[   350.069] (II) event4  - Dell Privacy Driver: device removed
[   350.085] (II) event18 - Dell WMI hotkeys: device removed
[   350.109] (II) event3  - AT Translated Set 2 keyboard: device removed
[   350.975] (II) UnloadModule: "libinput"
[   350.975] (II) UnloadModule: "libinput"
[   350.975] (II) UnloadModule: "libinput"
[   350.975] (II) UnloadModule: "libinput"
[   350.975] (II) UnloadModule: "libinput"
[   350.975] (II) UnloadModule: "libinput"
[   350.975] (II) UnloadModule: "libinput"
[   350.975] (II) UnloadModule: "libinput"
[   350.975] (II) UnloadModule: "libinput"
[   350.976] (II) UnloadModule: "libinput"
[   350.976] (II) UnloadModule: "libinput"
[   350.976] (II) UnloadModule: "libinput"
[   350.976] (II) UnloadModule: "libinput"
[   350.976] (II) UnloadModule: "libinput"
[   350.976] (II) UnloadModule: "libinput"
[   350.976] (II) UnloadModule: "libinput"
[   350.976] (II) UnloadModule: "libinput"
[   350.977] (II) UnloadModule: "libinput"
[   350.981] (II) NVIDIA(GPU-0): Deleting GPU-0
[   351.008] (II) Server terminated successfully (0). Closing log file.
